[4.303s] Invoking command in '/home/jakub/ros2_ws/src/mobile_bot': PYTHONPATH=/home/jakub/ros2_ws/build/mobile_bot/prefix_override:/home/jakub/ros2_ws/install/mobile_bot/lib/python3.8/site-packages:${PYTHONPATH} /usr/bin/python3 setup.py egg_info --egg-base ../../build/mobile_bot build --build-base /home/jakub/ros2_ws/build/mobile_bot/build install --record /home/jakub/ros2_ws/build/mobile_bot/install.log --install-scripts $base/lib/mobile_bot --single-version-externally-managed
[5.822s] running egg_info
[5.827s] writing ../../build/mobile_bot/mobile_bot.egg-info/PKG-INFO
[5.829s] writing dependency_links to ../../build/mobile_bot/mobile_bot.egg-info/dependency_links.txt
[5.831s] writing entry points to ../../build/mobile_bot/mobile_bot.egg-info/entry_points.txt
[5.833s] writing requirements to ../../build/mobile_bot/mobile_bot.egg-info/requires.txt
[5.834s] writing top-level names to ../../build/mobile_bot/mobile_bot.egg-info/top_level.txt
[6.056s] reading manifest file '../../build/mobile_bot/mobile_bot.egg-info/SOURCES.txt'
[6.062s] writing manifest file '../../build/mobile_bot/mobile_bot.egg-info/SOURCES.txt'
[6.064s] running build
[6.064s] running build_py
[6.066s] copying mobile_bot/person_follow.py -> /home/jakub/ros2_ws/build/mobile_bot/build/lib/mobile_bot
[6.070s] running install
[6.074s] running install_lib
[6.079s] copying /home/jakub/ros2_ws/build/mobile_bot/build/lib/mobile_bot/person_follow.py -> /home/jakub/ros2_ws/install/mobile_bot/lib/python3.8/site-packages/mobile_bot
[6.081s] byte-compiling /home/jakub/ros2_ws/install/mobile_bot/lib/python3.8/site-packages/mobile_bot/person_follow.py to person_follow.cpython-38.pyc
[6.090s] running install_data
[6.096s] running install_egg_info
[6.103s] removing '/home/jakub/ros2_ws/install/mobile_bot/lib/python3.8/site-packages/mobile_bot-0.0.0-py3.8.egg-info' (and everything under it)
[6.107s] Copying ../../build/mobile_bot/mobile_bot.egg-info to /home/jakub/ros2_ws/install/mobile_bot/lib/python3.8/site-packages/mobile_bot-0.0.0-py3.8.egg-info
[6.113s] running install_scripts
[6.226s] Installing camera_img script to /home/jakub/ros2_ws/install/mobile_bot/lib/mobile_bot
[6.227s] Installing lidar_scan script to /home/jakub/ros2_ws/install/mobile_bot/lib/mobile_bot
[6.228s] Installing person_follower script to /home/jakub/ros2_ws/install/mobile_bot/lib/mobile_bot
[6.228s] Installing velocity script to /home/jakub/ros2_ws/install/mobile_bot/lib/mobile_bot
[6.230s] writing list of installed files to '/home/jakub/ros2_ws/build/mobile_bot/install.log'
[6.376s] Invoked command in '/home/jakub/ros2_ws/src/mobile_bot' returned '0': PYTHONPATH=/home/jakub/ros2_ws/build/mobile_bot/prefix_override:/home/jakub/ros2_ws/install/mobile_bot/lib/python3.8/site-packages:${PYTHONPATH} /usr/bin/python3 setup.py egg_info --egg-base ../../build/mobile_bot build --build-base /home/jakub/ros2_ws/build/mobile_bot/build install --record /home/jakub/ros2_ws/build/mobile_bot/install.log --install-scripts $base/lib/mobile_bot --single-version-externally-managed
