[0.736s] Invoking command in '/home/jakub/ros2_ws/src/mobile_bot': PYTHONPATH=/home/jakub/ros2_ws/build/mobile_bot/prefix_override:/home/jakub/ros2_ws/install/mobile_bot/lib/python3.8/site-packages:${PYTHONPATH} /usr/bin/python3 setup.py egg_info --egg-base ../../build/mobile_bot build --build-base /home/jakub/ros2_ws/build/mobile_bot/build install --record /home/jakub/ros2_ws/build/mobile_bot/install.log --install-scripts $base/lib/mobile_bot --single-version-externally-managed
[0.981s] running egg_info
[0.981s] writing ../../build/mobile_bot/mobile_bot.egg-info/PKG-INFO
[0.982s] writing dependency_links to ../../build/mobile_bot/mobile_bot.egg-info/dependency_links.txt
[0.982s] writing entry points to ../../build/mobile_bot/mobile_bot.egg-info/entry_points.txt
[0.982s] writing requirements to ../../build/mobile_bot/mobile_bot.egg-info/requires.txt
[0.982s] writing top-level names to ../../build/mobile_bot/mobile_bot.egg-info/top_level.txt
[1.020s] reading manifest file '../../build/mobile_bot/mobile_bot.egg-info/SOURCES.txt'
[1.021s] writing manifest file '../../build/mobile_bot/mobile_bot.egg-info/SOURCES.txt'
[1.022s] running build
[1.022s] running build_py
[1.022s] copying mobile_bot/camera_sub.py -> /home/jakub/ros2_ws/build/mobile_bot/build/lib/mobile_bot
[1.022s] running install
[1.023s] running install_lib
[1.024s] copying /home/jakub/ros2_ws/build/mobile_bot/build/lib/mobile_bot/camera_sub.py -> /home/jakub/ros2_ws/install/mobile_bot/lib/python3.8/site-packages/mobile_bot
[1.025s] byte-compiling /home/jakub/ros2_ws/install/mobile_bot/lib/python3.8/site-packages/mobile_bot/camera_sub.py to camera_sub.cpython-38.pyc
[1.027s] running install_data
[1.028s] running install_egg_info
[1.030s] removing '/home/jakub/ros2_ws/install/mobile_bot/lib/python3.8/site-packages/mobile_bot-0.0.0-py3.8.egg-info' (and everything under it)
[1.030s] Copying ../../build/mobile_bot/mobile_bot.egg-info to /home/jakub/ros2_ws/install/mobile_bot/lib/python3.8/site-packages/mobile_bot-0.0.0-py3.8.egg-info
[1.032s] running install_scripts
[1.051s] Installing camera_img script to /home/jakub/ros2_ws/install/mobile_bot/lib/mobile_bot
[1.051s] Installing lidar_scan script to /home/jakub/ros2_ws/install/mobile_bot/lib/mobile_bot
[1.051s] Installing velocity script to /home/jakub/ros2_ws/install/mobile_bot/lib/mobile_bot
[1.052s] writing list of installed files to '/home/jakub/ros2_ws/build/mobile_bot/install.log'
[1.075s] Invoked command in '/home/jakub/ros2_ws/src/mobile_bot' returned '0': PYTHONPATH=/home/jakub/ros2_ws/build/mobile_bot/prefix_override:/home/jakub/ros2_ws/install/mobile_bot/lib/python3.8/site-packages:${PYTHONPATH} /usr/bin/python3 setup.py egg_info --egg-base ../../build/mobile_bot build --build-base /home/jakub/ros2_ws/build/mobile_bot/build install --record /home/jakub/ros2_ws/build/mobile_bot/install.log --install-scripts $base/lib/mobile_bot --single-version-externally-managed
