[0.798s] Invoking command in '/home/jakub/ros2_ws/src/mobile_bot': PYTHONPATH=/home/jakub/ros2_ws/build/mobile_bot/prefix_override:/home/jakub/ros2_ws/install/mobile_bot/lib/python3.8/site-packages:${PYTHONPATH} /usr/bin/python3 setup.py egg_info --egg-base ../../build/mobile_bot build --build-base /home/jakub/ros2_ws/build/mobile_bot/build install --record /home/jakub/ros2_ws/build/mobile_bot/install.log --install-scripts $base/lib/mobile_bot --single-version-externally-managed
[1.070s] running egg_info
[1.071s] writing ../../build/mobile_bot/mobile_bot.egg-info/PKG-INFO
[1.073s] writing dependency_links to ../../build/mobile_bot/mobile_bot.egg-info/dependency_links.txt
[1.073s] writing entry points to ../../build/mobile_bot/mobile_bot.egg-info/entry_points.txt
[1.074s] writing requirements to ../../build/mobile_bot/mobile_bot.egg-info/requires.txt
[1.074s] writing top-level names to ../../build/mobile_bot/mobile_bot.egg-info/top_level.txt
[1.114s] reading manifest file '../../build/mobile_bot/mobile_bot.egg-info/SOURCES.txt'
[1.115s] writing manifest file '../../build/mobile_bot/mobile_bot.egg-info/SOURCES.txt'
[1.115s] running build
[1.115s] running build_py
[1.116s] copying mobile_bot/person_follow.py -> /home/jakub/ros2_ws/build/mobile_bot/build/lib/mobile_bot
[1.117s] running install
[1.118s] running install_lib
[1.119s] copying /home/jakub/ros2_ws/build/mobile_bot/build/lib/mobile_bot/person_follow.py -> /home/jakub/ros2_ws/install/mobile_bot/lib/python3.8/site-packages/mobile_bot
[1.120s] byte-compiling /home/jakub/ros2_ws/install/mobile_bot/lib/python3.8/site-packages/mobile_bot/person_follow.py to person_follow.cpython-38.pyc
[1.123s] running install_data
[1.123s] running install_egg_info
[1.125s] removing '/home/jakub/ros2_ws/install/mobile_bot/lib/python3.8/site-packages/mobile_bot-0.0.0-py3.8.egg-info' (and everything under it)
[1.125s] Copying ../../build/mobile_bot/mobile_bot.egg-info to /home/jakub/ros2_ws/install/mobile_bot/lib/python3.8/site-packages/mobile_bot-0.0.0-py3.8.egg-info
[1.126s] running install_scripts
[1.146s] Installing camera_img script to /home/jakub/ros2_ws/install/mobile_bot/lib/mobile_bot
[1.147s] Installing lidar_scan script to /home/jakub/ros2_ws/install/mobile_bot/lib/mobile_bot
[1.147s] Installing person_follower script to /home/jakub/ros2_ws/install/mobile_bot/lib/mobile_bot
[1.148s] Installing velocity script to /home/jakub/ros2_ws/install/mobile_bot/lib/mobile_bot
[1.148s] writing list of installed files to '/home/jakub/ros2_ws/build/mobile_bot/install.log'
[1.170s] Invoked command in '/home/jakub/ros2_ws/src/mobile_bot' returned '0': PYTHONPATH=/home/jakub/ros2_ws/build/mobile_bot/prefix_override:/home/jakub/ros2_ws/install/mobile_bot/lib/python3.8/site-packages:${PYTHONPATH} /usr/bin/python3 setup.py egg_info --egg-base ../../build/mobile_bot build --build-base /home/jakub/ros2_ws/build/mobile_bot/build install --record /home/jakub/ros2_ws/build/mobile_bot/install.log --install-scripts $base/lib/mobile_bot --single-version-externally-managed
