[0.788s] Invoking command in '/home/jakub/ros2_ws/src/mobile_bot': PYTHONPATH=/home/jakub/ros2_ws/build/mobile_bot/prefix_override:/home/jakub/ros2_ws/install/mobile_bot/lib/python3.8/site-packages:${PYTHONPATH} /usr/bin/python3 setup.py egg_info --egg-base ../../build/mobile_bot build --build-base /home/jakub/ros2_ws/build/mobile_bot/build install --record /home/jakub/ros2_ws/build/mobile_bot/install.log --install-scripts $base/lib/mobile_bot --single-version-externally-managed
[1.029s] running egg_info
[1.030s] writing ../../build/mobile_bot/mobile_bot.egg-info/PKG-INFO
[1.032s] writing dependency_links to ../../build/mobile_bot/mobile_bot.egg-info/dependency_links.txt
[1.033s] writing entry points to ../../build/mobile_bot/mobile_bot.egg-info/entry_points.txt
[1.033s] writing requirements to ../../build/mobile_bot/mobile_bot.egg-info/requires.txt
[1.034s] writing top-level names to ../../build/mobile_bot/mobile_bot.egg-info/top_level.txt
[1.076s] reading manifest file '../../build/mobile_bot/mobile_bot.egg-info/SOURCES.txt'
[1.078s] writing manifest file '../../build/mobile_bot/mobile_bot.egg-info/SOURCES.txt'
[1.078s] running build
[1.078s] running build_py
[1.079s] running install
[1.080s] running install_lib
[1.082s] running install_data
[1.083s] running install_egg_info
[1.085s] removing '/home/jakub/ros2_ws/install/mobile_bot/lib/python3.8/site-packages/mobile_bot-0.0.0-py3.8.egg-info' (and everything under it)
[1.086s] Copying ../../build/mobile_bot/mobile_bot.egg-info to /home/jakub/ros2_ws/install/mobile_bot/lib/python3.8/site-packages/mobile_bot-0.0.0-py3.8.egg-info
[1.087s] running install_scripts
[1.105s] Installing velocity script to /home/jakub/ros2_ws/install/mobile_bot/lib/mobile_bot
[1.106s] writing list of installed files to '/home/jakub/ros2_ws/build/mobile_bot/install.log'
[1.126s] Invoked command in '/home/jakub/ros2_ws/src/mobile_bot' returned '0': PYTHONPATH=/home/jakub/ros2_ws/build/mobile_bot/prefix_override:/home/jakub/ros2_ws/install/mobile_bot/lib/python3.8/site-packages:${PYTHONPATH} /usr/bin/python3 setup.py egg_info --egg-base ../../build/mobile_bot build --build-base /home/jakub/ros2_ws/build/mobile_bot/build install --record /home/jakub/ros2_ws/build/mobile_bot/install.log --install-scripts $base/lib/mobile_bot --single-version-externally-managed
