[4.457s] Invoking command in '/home/jakub/ros2_ws/src/mobile_bot': PYTHONPATH=/home/jakub/ros2_ws/build/mobile_bot/prefix_override:/home/jakub/ros2_ws/install/mobile_bot/lib/python3.8/site-packages:${PYTHONPATH} /usr/bin/python3 setup.py egg_info --egg-base ../../build/mobile_bot build --build-base /home/jakub/ros2_ws/build/mobile_bot/build install --record /home/jakub/ros2_ws/build/mobile_bot/install.log --install-scripts $base/lib/mobile_bot --single-version-externally-managed
[6.003s] running egg_info
[6.005s] writing ../../build/mobile_bot/mobile_bot.egg-info/PKG-INFO
[6.007s] writing dependency_links to ../../build/mobile_bot/mobile_bot.egg-info/dependency_links.txt
[6.008s] writing entry points to ../../build/mobile_bot/mobile_bot.egg-info/entry_points.txt
[6.008s] writing requirements to ../../build/mobile_bot/mobile_bot.egg-info/requires.txt
[6.009s] writing top-level names to ../../build/mobile_bot/mobile_bot.egg-info/top_level.txt
[6.233s] reading manifest file '../../build/mobile_bot/mobile_bot.egg-info/SOURCES.txt'
[6.243s] writing manifest file '../../build/mobile_bot/mobile_bot.egg-info/SOURCES.txt'
[6.244s] running build
[6.245s] running build_py
[6.245s] copying mobile_bot/camera_sub.py -> /home/jakub/ros2_ws/build/mobile_bot/build/lib/mobile_bot
[6.246s] running install
[6.250s] running install_lib
[6.258s] copying /home/jakub/ros2_ws/build/mobile_bot/build/lib/mobile_bot/camera_sub.py -> /home/jakub/ros2_ws/install/mobile_bot/lib/python3.8/site-packages/mobile_bot
[6.261s] byte-compiling /home/jakub/ros2_ws/install/mobile_bot/lib/python3.8/site-packages/mobile_bot/camera_sub.py to camera_sub.cpython-38.pyc
[6.276s] running install_data
[6.278s] running install_egg_info
[6.291s] removing '/home/jakub/ros2_ws/install/mobile_bot/lib/python3.8/site-packages/mobile_bot-0.0.0-py3.8.egg-info' (and everything under it)
[6.294s] Copying ../../build/mobile_bot/mobile_bot.egg-info to /home/jakub/ros2_ws/install/mobile_bot/lib/python3.8/site-packages/mobile_bot-0.0.0-py3.8.egg-info
[6.302s] running install_scripts
[6.423s] Installing camera_img script to /home/jakub/ros2_ws/install/mobile_bot/lib/mobile_bot
[6.424s] Installing lidar_scan script to /home/jakub/ros2_ws/install/mobile_bot/lib/mobile_bot
[6.424s] Installing velocity script to /home/jakub/ros2_ws/install/mobile_bot/lib/mobile_bot
[6.426s] writing list of installed files to '/home/jakub/ros2_ws/build/mobile_bot/install.log'
[6.598s] Invoked command in '/home/jakub/ros2_ws/src/mobile_bot' returned '0': PYTHONPATH=/home/jakub/ros2_ws/build/mobile_bot/prefix_override:/home/jakub/ros2_ws/install/mobile_bot/lib/python3.8/site-packages:${PYTHONPATH} /usr/bin/python3 setup.py egg_info --egg-base ../../build/mobile_bot build --build-base /home/jakub/ros2_ws/build/mobile_bot/build install --record /home/jakub/ros2_ws/build/mobile_bot/install.log --install-scripts $base/lib/mobile_bot --single-version-externally-managed
