[1.110s] DEBUG:colcon:Command line arguments: ['/usr/bin/colcon', 'build']
[1.111s] DEBUG:colcon:Parsed command line arguments: Namespace(allow_overriding=[], ament_cmake_args=None, base_paths=['.'], build_base='build', catkin_cmake_args=None, catkin_skip_building_tests=False, cmake_args=None, cmake_clean_cache=False, cmake_clean_first=False, cmake_force_configure=False, cmake_target=None, cmake_target_skip_unavailable=False, continue_on_error=False, event_handlers=None, executor='parallel', ignore_user_meta=False, install_base='install', log_base=None, log_level=None, main=<bound method BuildVerb.main of <colcon_core.verb.build.BuildVerb object at 0x7fcaf94f3220>>, merge_install=False, metas=['./colcon.meta'], packages_above=None, packages_above_and_dependencies=None, packages_above_depth=None, packages_end=None, packages_ignore=None, packages_ignore_regex=None, packages_select=None, packages_select_build_failed=False, packages_select_by_dep=None, packages_select_regex=None, packages_select_test_failures=False, packages_skip=None, packages_skip_build_finished=False, packages_skip_by_dep=None, packages_skip_regex=None, packages_skip_test_passed=False, packages_skip_up_to=None, packages_start=None, packages_up_to=None, packages_up_to_regex=None, parallel_workers=8, paths=None, symlink_install=False, test_result_base=None, verb_extension=<colcon_core.verb.build.BuildVerb object at 0x7fcaf94f3220>, verb_name='build', verb_parser=<colcon_defaults.argument_parser.defaults.DefaultArgumentsDecorator object at 0x7fcaf94f3760>)
[1.277s] Level 1:colcon.colcon_core.package_discovery:discover_packages(colcon_meta) check parameters
[1.278s] Level 1:colcon.colcon_core.package_discovery:discover_packages(recursive) check parameters
[1.278s] Level 1:colcon.colcon_core.package_discovery:discover_packages(ignore) check parameters
[1.278s] Level 1:colcon.colcon_core.package_discovery:discover_packages(path) check parameters
[1.278s] Level 1:colcon.colcon_core.package_discovery:discover_packages(colcon_meta) discover
[1.278s] Level 1:colcon.colcon_core.package_discovery:discover_packages(recursive) discover
[1.278s] INFO:colcon.colcon_core.package_discovery:Crawling recursively for packages in '/home/jakub/ros2_ws'
[1.278s] Level 1:colcon.colcon_core.package_identification:_identify(.) by extensions ['ignore', 'ignore_ament_install']
[1.279s] Level 1:colcon.colcon_core.package_identification:_identify(.) by extension 'ignore'
[1.279s] Level 1:colcon.colcon_core.package_identification:_identify(.) by extension 'ignore_ament_install'
[1.279s] Level 1:colcon.colcon_core.package_identification:_identify(.) by extensions ['colcon_pkg']
[1.279s] Level 1:colcon.colcon_core.package_identification:_identify(.) by extension 'colcon_pkg'
[1.279s] Level 1:colcon.colcon_core.package_identification:_identify(.) by extensions ['colcon_meta']
[1.279s] Level 1:colcon.colcon_core.package_identification:_identify(.) by extension 'colcon_meta'
[1.280s] Level 1:colcon.colcon_core.package_identification:_identify(.) by extensions ['ros']
[1.280s] Level 1:colcon.colcon_core.package_identification:_identify(.) by extension 'ros'
[1.359s] Level 1:colcon.colcon_core.package_identification:_identify(.) by extensions ['cmake', 'python']
[1.360s] Level 1:colcon.colcon_core.package_identification:_identify(.) by extension 'cmake'
[1.361s] Level 1:colcon.colcon_core.package_identification:_identify(.) by extension 'python'
[1.362s] Level 1:colcon.colcon_core.package_identification:_identify(.) by extensions ['python_setup_py']
[1.362s] Level 1:colcon.colcon_core.package_identification:_identify(.) by extension 'python_setup_py'
[1.363s] Level 1:colcon.colcon_core.package_identification:_identify(build) by extensions ['ignore', 'ignore_ament_install']
[1.363s] Level 1:colcon.colcon_core.package_identification:_identify(build) by extension 'ignore'
[1.363s] Level 1:colcon.colcon_core.package_identification:_identify(build) ignored
[1.365s] Level 1:colcon.colcon_core.package_identification:_identify(install) by extensions ['ignore', 'ignore_ament_install']
[1.367s] Level 1:colcon.colcon_core.package_identification:_identify(install) by extension 'ignore'
[1.368s] Level 1:colcon.colcon_core.package_identification:_identify(install) ignored
[1.371s] Level 1:colcon.colcon_core.package_identification:_identify(log) by extensions ['ignore', 'ignore_ament_install']
[1.371s] Level 1:colcon.colcon_core.package_identification:_identify(log) by extension 'ignore'
[1.372s] Level 1:colcon.colcon_core.package_identification:_identify(log) ignored
[1.372s] Level 1:colcon.colcon_core.package_identification:_identify(src) by extensions ['ignore', 'ignore_ament_install']
[1.372s] Level 1:colcon.colcon_core.package_identification:_identify(src) by extension 'ignore'
[1.372s] Level 1:colcon.colcon_core.package_identification:_identify(src) by extension 'ignore_ament_install'
[1.373s] Level 1:colcon.colcon_core.package_identification:_identify(src) by extensions ['colcon_pkg']
[1.373s] Level 1:colcon.colcon_core.package_identification:_identify(src) by extension 'colcon_pkg'
[1.373s] Level 1:colcon.colcon_core.package_identification:_identify(src) by extensions ['colcon_meta']
[1.373s] Level 1:colcon.colcon_core.package_identification:_identify(src) by extension 'colcon_meta'
[1.373s] Level 1:colcon.colcon_core.package_identification:_identify(src) by extensions ['ros']
[1.373s] Level 1:colcon.colcon_core.package_identification:_identify(src) by extension 'ros'
[1.374s] Level 1:colcon.colcon_core.package_identification:_identify(src) by extensions ['cmake', 'python']
[1.374s] Level 1:colcon.colcon_core.package_identification:_identify(src) by extension 'cmake'
[1.374s] Level 1:colcon.colcon_core.package_identification:_identify(src) by extension 'python'
[1.374s] Level 1:colcon.colcon_core.package_identification:_identify(src) by extensions ['python_setup_py']
[1.374s] Level 1:colcon.colcon_core.package_identification:_identify(src) by extension 'python_setup_py'
[1.375s] Level 1:colcon.colcon_core.package_identification:_identify(src/mobile_bot) by extensions ['ignore', 'ignore_ament_install']
[1.375s] Level 1:colcon.colcon_core.package_identification:_identify(src/mobile_bot) by extension 'ignore'
[1.375s] Level 1:colcon.colcon_core.package_identification:_identify(src/mobile_bot) by extension 'ignore_ament_install'
[1.376s] Level 1:colcon.colcon_core.package_identification:_identify(src/mobile_bot) by extensions ['colcon_pkg']
[1.376s] Level 1:colcon.colcon_core.package_identification:_identify(src/mobile_bot) by extension 'colcon_pkg'
[1.376s] Level 1:colcon.colcon_core.package_identification:_identify(src/mobile_bot) by extensions ['colcon_meta']
[1.376s] Level 1:colcon.colcon_core.package_identification:_identify(src/mobile_bot) by extension 'colcon_meta'
[1.376s] Level 1:colcon.colcon_core.package_identification:_identify(src/mobile_bot) by extensions ['ros']
[1.376s] Level 1:colcon.colcon_core.package_identification:_identify(src/mobile_bot) by extension 'ros'
[1.392s] DEBUG:colcon.colcon_core.package_identification:Package 'src/mobile_bot' with type 'ros.ament_python' and name 'mobile_bot'
[1.393s] Level 1:colcon.colcon_core.package_discovery:discover_packages(recursive) using defaults
[1.393s] Level 1:colcon.colcon_core.package_discovery:discover_packages(ignore) discover
[1.393s] Level 1:colcon.colcon_core.package_discovery:discover_packages(ignore) using defaults
[1.393s] Level 1:colcon.colcon_core.package_discovery:discover_packages(path) discover
[1.393s] Level 1:colcon.colcon_core.package_discovery:discover_packages(path) using defaults
[1.589s] Level 1:colcon.colcon_core.package_discovery:discover_packages(prefix_path) check parameters
[1.589s] Level 1:colcon.colcon_core.package_discovery:discover_packages(prefix_path) discover
[1.601s] DEBUG:colcon.colcon_installed_package_information.package_discovery:Found 1 installed packages in /home/jakub/ros2_ws/install
[1.611s] DEBUG:colcon.colcon_installed_package_information.package_discovery:Found 265 installed packages in /opt/ros/foxy
[1.624s] Level 1:colcon.colcon_core.package_discovery:discover_packages(prefix_path) using defaults
[2.151s] Level 5:colcon.colcon_core.verb:set package 'mobile_bot' build argument 'cmake_args' from command line to 'None'
[2.153s] Level 5:colcon.colcon_core.verb:set package 'mobile_bot' build argument 'cmake_target' from command line to 'None'
[2.154s] Level 5:colcon.colcon_core.verb:set package 'mobile_bot' build argument 'cmake_target_skip_unavailable' from command line to 'False'
[2.154s] Level 5:colcon.colcon_core.verb:set package 'mobile_bot' build argument 'cmake_clean_cache' from command line to 'False'
[2.154s] Level 5:colcon.colcon_core.verb:set package 'mobile_bot' build argument 'cmake_clean_first' from command line to 'False'
[2.155s] Level 5:colcon.colcon_core.verb:set package 'mobile_bot' build argument 'cmake_force_configure' from command line to 'False'
[2.155s] Level 5:colcon.colcon_core.verb:set package 'mobile_bot' build argument 'ament_cmake_args' from command line to 'None'
[2.155s] Level 5:colcon.colcon_core.verb:set package 'mobile_bot' build argument 'catkin_cmake_args' from command line to 'None'
[2.155s] Level 5:colcon.colcon_core.verb:set package 'mobile_bot' build argument 'catkin_skip_building_tests' from command line to 'False'
[2.155s] DEBUG:colcon.colcon_core.verb:Building package 'mobile_bot' with the following arguments: {'ament_cmake_args': None, 'build_base': '/home/jakub/ros2_ws/build/mobile_bot', 'catkin_cmake_args': None, 'catkin_skip_building_tests': False, 'cmake_args': None, 'cmake_clean_cache': False, 'cmake_clean_first': False, 'cmake_force_configure': False, 'cmake_target': None, 'cmake_target_skip_unavailable': False, 'install_base': '/home/jakub/ros2_ws/install/mobile_bot', 'merge_install': False, 'path': '/home/jakub/ros2_ws/src/mobile_bot', 'symlink_install': False, 'test_result_base': None}
[2.158s] INFO:colcon.colcon_core.executor:Executing jobs using 'parallel' executor
[2.187s] DEBUG:colcon.colcon_parallel_executor.executor.parallel:run_until_complete
[2.191s] INFO:colcon.colcon_ros.task.ament_python.build:Building ROS package in '/home/jakub/ros2_ws/src/mobile_bot' with build type 'ament_python'
[2.192s] Level 1:colcon.colcon_core.shell:create_environment_hook('mobile_bot', 'ament_prefix_path')
[2.217s] INFO:colcon.colcon_core.plugin_system:Skipping extension 'colcon_core.shell.bat': Not used on non-Windows systems
[2.220s] INFO:colcon.colcon_core.shell:Creating environment hook '/home/jakub/ros2_ws/install/mobile_bot/share/mobile_bot/hook/ament_prefix_path.ps1'
[2.223s] INFO:colcon.colcon_core.shell:Creating environment descriptor '/home/jakub/ros2_ws/install/mobile_bot/share/mobile_bot/hook/ament_prefix_path.dsv'
[2.225s] INFO:colcon.colcon_core.shell:Creating environment hook '/home/jakub/ros2_ws/install/mobile_bot/share/mobile_bot/hook/ament_prefix_path.sh'
[2.239s] INFO:colcon.colcon_core.shell:Skip shell extension 'powershell' for command environment: Not usable outside of PowerShell
[2.240s] DEBUG:colcon.colcon_core.shell:Skip shell extension 'dsv' for command environment
[3.714s] INFO:colcon.colcon_core.task.python.build:Building Python package in '/home/jakub/ros2_ws/src/mobile_bot'
[3.724s] INFO:colcon.colcon_core.shell:Skip shell extension 'powershell' for command environment: Not usable outside of PowerShell
[3.725s] DEBUG:colcon.colcon_core.shell:Skip shell extension 'dsv' for command environment
[6.351s] DEBUG:colcon.colcon_core.event_handler.log_command:Invoking command in '/home/jakub/ros2_ws/src/mobile_bot': PYTHONPATH=/home/jakub/ros2_ws/build/mobile_bot/prefix_override:/home/jakub/ros2_ws/install/mobile_bot/lib/python3.8/site-packages:${PYTHONPATH} /usr/bin/python3 setup.py egg_info --egg-base ../../build/mobile_bot build --build-base /home/jakub/ros2_ws/build/mobile_bot/build install --record /home/jakub/ros2_ws/build/mobile_bot/install.log --install-scripts $base/lib/mobile_bot --single-version-externally-managed
[8.330s] DEBUG:colcon.colcon_core.event_handler.log_command:Invoked command in '/home/jakub/ros2_ws/src/mobile_bot' returned '0': PYTHONPATH=/home/jakub/ros2_ws/build/mobile_bot/prefix_override:/home/jakub/ros2_ws/install/mobile_bot/lib/python3.8/site-packages:${PYTHONPATH} /usr/bin/python3 setup.py egg_info --egg-base ../../build/mobile_bot build --build-base /home/jakub/ros2_ws/build/mobile_bot/build install --record /home/jakub/ros2_ws/build/mobile_bot/install.log --install-scripts $base/lib/mobile_bot --single-version-externally-managed
[8.381s] Level 1:colcon.colcon_core.environment:checking '/home/jakub/ros2_ws/install/mobile_bot' for CMake module files
[8.383s] Level 1:colcon.colcon_core.environment:checking '/home/jakub/ros2_ws/install/mobile_bot' for CMake config files
[8.388s] Level 1:colcon.colcon_core.environment:checking '/home/jakub/ros2_ws/install/mobile_bot/lib'
[8.391s] Level 1:colcon.colcon_core.environment:checking '/home/jakub/ros2_ws/install/mobile_bot/bin'
[8.391s] Level 1:colcon.colcon_core.environment:checking '/home/jakub/ros2_ws/install/mobile_bot/lib/pkgconfig/mobile_bot.pc'
[8.394s] Level 1:colcon.colcon_core.environment:checking '/home/jakub/ros2_ws/install/mobile_bot/lib/python3.8/site-packages'
[8.395s] Level 1:colcon.colcon_core.shell:create_environment_hook('mobile_bot', 'pythonpath')
[8.405s] INFO:colcon.colcon_core.shell:Creating environment hook '/home/jakub/ros2_ws/install/mobile_bot/share/mobile_bot/hook/pythonpath.ps1'
[8.409s] INFO:colcon.colcon_core.shell:Creating environment descriptor '/home/jakub/ros2_ws/install/mobile_bot/share/mobile_bot/hook/pythonpath.dsv'
[8.414s] INFO:colcon.colcon_core.shell:Creating environment hook '/home/jakub/ros2_ws/install/mobile_bot/share/mobile_bot/hook/pythonpath.sh'
[8.419s] Level 1:colcon.colcon_core.environment:checking '/home/jakub/ros2_ws/install/mobile_bot/bin'
[8.420s] Level 1:colcon.colcon_core.environment:create_environment_scripts_only(mobile_bot)
[8.430s] INFO:colcon.colcon_core.shell:Creating package script '/home/jakub/ros2_ws/install/mobile_bot/share/mobile_bot/package.ps1'
[8.438s] INFO:colcon.colcon_core.shell:Creating package descriptor '/home/jakub/ros2_ws/install/mobile_bot/share/mobile_bot/package.dsv'
[8.442s] INFO:colcon.colcon_core.shell:Creating package script '/home/jakub/ros2_ws/install/mobile_bot/share/mobile_bot/package.sh'
[8.449s] INFO:colcon.colcon_core.shell:Creating package script '/home/jakub/ros2_ws/install/mobile_bot/share/mobile_bot/package.bash'
[8.457s] INFO:colcon.colcon_core.shell:Creating package script '/home/jakub/ros2_ws/install/mobile_bot/share/mobile_bot/package.zsh'
[8.464s] Level 1:colcon.colcon_core.environment:create_file_with_runtime_dependencies(/home/jakub/ros2_ws/install/mobile_bot/share/colcon-core/packages/mobile_bot)
[8.466s] DEBUG:colcon.colcon_parallel_executor.executor.parallel:closing loop
[8.468s] DEBUG:colcon.colcon_parallel_executor.executor.parallel:loop closed
[8.469s] DEBUG:colcon.colcon_parallel_executor.executor.parallel:run_until_complete finished with '0'
[8.469s] DEBUG:colcon.colcon_core.event_reactor:joining thread
[8.513s] INFO:colcon.colcon_core.plugin_system:Skipping extension 'colcon_notification.desktop_notification.terminal_notifier': Not used on non-Darwin systems
[8.514s] INFO:colcon.colcon_core.plugin_system:Skipping extension 'colcon_notification.desktop_notification.win32': Not used on non-Windows systems
[8.514s] INFO:colcon.colcon_notification.desktop_notification:Sending desktop notification using 'notify2'
[8.607s] DEBUG:colcon.colcon_core.event_reactor:joined thread
[8.623s] INFO:colcon.colcon_core.shell:Creating prefix script '/home/jakub/ros2_ws/install/local_setup.ps1'
[8.627s] INFO:colcon.colcon_core.shell:Creating prefix util module '/home/jakub/ros2_ws/install/_local_setup_util_ps1.py'
[8.639s] INFO:colcon.colcon_core.shell:Creating prefix chain script '/home/jakub/ros2_ws/install/setup.ps1'
[8.648s] INFO:colcon.colcon_core.shell:Creating prefix script '/home/jakub/ros2_ws/install/local_setup.sh'
[8.650s] INFO:colcon.colcon_core.shell:Creating prefix util module '/home/jakub/ros2_ws/install/_local_setup_util_sh.py'
[8.652s] INFO:colcon.colcon_core.shell:Creating prefix chain script '/home/jakub/ros2_ws/install/setup.sh'
[8.665s] INFO:colcon.colcon_core.shell:Creating prefix script '/home/jakub/ros2_ws/install/local_setup.bash'
[8.670s] INFO:colcon.colcon_core.shell:Creating prefix chain script '/home/jakub/ros2_ws/install/setup.bash'
[8.677s] INFO:colcon.colcon_core.shell:Creating prefix script '/home/jakub/ros2_ws/install/local_setup.zsh'
[8.679s] INFO:colcon.colcon_core.shell:Creating prefix chain script '/home/jakub/ros2_ws/install/setup.zsh'
