[0.514s] Invoking command in '/home/jakub/ros2_ws/src/mobile_bot': PYTHONPATH=/home/jakub/ros2_ws/build/mobile_bot/prefix_override:/home/jakub/ros2_ws/install/mobile_bot/lib/python3.8/site-packages:${PYTHONPATH} /usr/bin/python3 setup.py egg_info --egg-base ../../build/mobile_bot build --build-base /home/jakub/ros2_ws/build/mobile_bot/build install --record /home/jakub/ros2_ws/build/mobile_bot/install.log --install-scripts $base/lib/mobile_bot --single-version-externally-managed
[0.687s] running egg_info
[0.687s] writing ../../build/mobile_bot/mobile_bot.egg-info/PKG-INFO
[0.688s] writing dependency_links to ../../build/mobile_bot/mobile_bot.egg-info/dependency_links.txt
[0.688s] writing entry points to ../../build/mobile_bot/mobile_bot.egg-info/entry_points.txt
[0.688s] writing requirements to ../../build/mobile_bot/mobile_bot.egg-info/requires.txt
[0.688s] writing top-level names to ../../build/mobile_bot/mobile_bot.egg-info/top_level.txt
[0.716s] reading manifest file '../../build/mobile_bot/mobile_bot.egg-info/SOURCES.txt'
[0.716s] writing manifest file '../../build/mobile_bot/mobile_bot.egg-info/SOURCES.txt'
[0.716s] running build
[0.717s] running build_py
[0.717s] copying mobile_bot/lidar_vision.py -> /home/jakub/ros2_ws/build/mobile_bot/build/lib/mobile_bot
[0.717s] running install
[0.717s] running install_lib
[0.718s] copying /home/jakub/ros2_ws/build/mobile_bot/build/lib/mobile_bot/lidar_vision.py -> /home/jakub/ros2_ws/install/mobile_bot/lib/python3.8/site-packages/mobile_bot
[0.719s] byte-compiling /home/jakub/ros2_ws/install/mobile_bot/lib/python3.8/site-packages/mobile_bot/lidar_vision.py to lidar_vision.cpython-38.pyc
[0.720s] running install_data
[0.720s] running install_egg_info
[0.721s] removing '/home/jakub/ros2_ws/install/mobile_bot/lib/python3.8/site-packages/mobile_bot-0.0.0-py3.8.egg-info' (and everything under it)
[0.722s] Copying ../../build/mobile_bot/mobile_bot.egg-info to /home/jakub/ros2_ws/install/mobile_bot/lib/python3.8/site-packages/mobile_bot-0.0.0-py3.8.egg-info
[0.722s] running install_scripts
[0.736s] Installing lidar_scan script to /home/jakub/ros2_ws/install/mobile_bot/lib/mobile_bot
[0.736s] Installing velocity script to /home/jakub/ros2_ws/install/mobile_bot/lib/mobile_bot
[0.737s] writing list of installed files to '/home/jakub/ros2_ws/build/mobile_bot/install.log'
[0.754s] Invoked command in '/home/jakub/ros2_ws/src/mobile_bot' returned '0': PYTHONPATH=/home/jakub/ros2_ws/build/mobile_bot/prefix_override:/home/jakub/ros2_ws/install/mobile_bot/lib/python3.8/site-packages:${PYTHONPATH} /usr/bin/python3 setup.py egg_info --egg-base ../../build/mobile_bot build --build-base /home/jakub/ros2_ws/build/mobile_bot/build install --record /home/jakub/ros2_ws/build/mobile_bot/install.log --install-scripts $base/lib/mobile_bot --single-version-externally-managed
