[0.849s] DEBUG:colcon:Command line arguments: ['/usr/bin/colcon', 'build']
[0.850s] DEBUG:colcon:Parsed command line arguments: Namespace(allow_overriding=[], ament_cmake_args=None, base_paths=['.'], build_base='build', catkin_cmake_args=None, catkin_skip_building_tests=False, cmake_args=None, cmake_clean_cache=False, cmake_clean_first=False, cmake_force_configure=False, cmake_target=None, cmake_target_skip_unavailable=False, continue_on_error=False, event_handlers=None, executor='parallel', ignore_user_meta=False, install_base='install', log_base=None, log_level=None, main=<bound method BuildVerb.main of <colcon_core.verb.build.BuildVerb object at 0x7f1e0a1c9040>>, merge_install=False, metas=['./colcon.meta'], packages_above=None, packages_above_and_dependencies=None, packages_above_depth=None, packages_end=None, packages_ignore=None, packages_ignore_regex=None, packages_select=None, packages_select_build_failed=False, packages_select_by_dep=None, packages_select_regex=None, packages_select_test_failures=False, packages_skip=None, packages_skip_build_finished=False, packages_skip_by_dep=None, packages_skip_regex=None, packages_skip_test_passed=False, packages_skip_up_to=None, packages_start=None, packages_up_to=None, packages_up_to_regex=None, parallel_workers=8, paths=None, symlink_install=False, test_result_base=None, verb_extension=<colcon_core.verb.build.BuildVerb object at 0x7f1e0a1c9040>, verb_name='build', verb_parser=<colcon_defaults.argument_parser.defaults.DefaultArgumentsDecorator object at 0x7f1e0a1c95b0>)
[0.988s] Level 1:colcon.colcon_core.package_discovery:discover_packages(colcon_meta) check parameters
[0.988s] Level 1:colcon.colcon_core.package_discovery:discover_packages(recursive) check parameters
[0.988s] Level 1:colcon.colcon_core.package_discovery:discover_packages(ignore) check parameters
[0.988s] Level 1:colcon.colcon_core.package_discovery:discover_packages(path) check parameters
[0.989s] Level 1:colcon.colcon_core.package_discovery:discover_packages(colcon_meta) discover
[0.989s] Level 1:colcon.colcon_core.package_discovery:discover_packages(recursive) discover
[0.989s] INFO:colcon.colcon_core.package_discovery:Crawling recursively for packages in '/home/jakub/ros2_ws'
[0.989s] Level 1:colcon.colcon_core.package_identification:_identify(.) by extensions ['ignore', 'ignore_ament_install']
[0.989s] Level 1:colcon.colcon_core.package_identification:_identify(.) by extension 'ignore'
[0.989s] Level 1:colcon.colcon_core.package_identification:_identify(.) by extension 'ignore_ament_install'
[0.989s] Level 1:colcon.colcon_core.package_identification:_identify(.) by extensions ['colcon_pkg']
[0.989s] Level 1:colcon.colcon_core.package_identification:_identify(.) by extension 'colcon_pkg'
[0.990s] Level 1:colcon.colcon_core.package_identification:_identify(.) by extensions ['colcon_meta']
[0.990s] Level 1:colcon.colcon_core.package_identification:_identify(.) by extension 'colcon_meta'
[0.990s] Level 1:colcon.colcon_core.package_identification:_identify(.) by extensions ['ros']
[0.990s] Level 1:colcon.colcon_core.package_identification:_identify(.) by extension 'ros'
[1.030s] Level 1:colcon.colcon_core.package_identification:_identify(.) by extensions ['cmake', 'python']
[1.031s] Level 1:colcon.colcon_core.package_identification:_identify(.) by extension 'cmake'
[1.031s] Level 1:colcon.colcon_core.package_identification:_identify(.) by extension 'python'
[1.031s] Level 1:colcon.colcon_core.package_identification:_identify(.) by extensions ['python_setup_py']
[1.031s] Level 1:colcon.colcon_core.package_identification:_identify(.) by extension 'python_setup_py'
[1.032s] Level 1:colcon.colcon_core.package_identification:_identify(build) by extensions ['ignore', 'ignore_ament_install']
[1.032s] Level 1:colcon.colcon_core.package_identification:_identify(build) by extension 'ignore'
[1.032s] Level 1:colcon.colcon_core.package_identification:_identify(build) ignored
[1.033s] Level 1:colcon.colcon_core.package_identification:_identify(install) by extensions ['ignore', 'ignore_ament_install']
[1.033s] Level 1:colcon.colcon_core.package_identification:_identify(install) by extension 'ignore'
[1.033s] Level 1:colcon.colcon_core.package_identification:_identify(install) ignored
[1.034s] Level 1:colcon.colcon_core.package_identification:_identify(log) by extensions ['ignore', 'ignore_ament_install']
[1.034s] Level 1:colcon.colcon_core.package_identification:_identify(log) by extension 'ignore'
[1.035s] Level 1:colcon.colcon_core.package_identification:_identify(log) ignored
[1.035s] Level 1:colcon.colcon_core.package_identification:_identify(src) by extensions ['ignore', 'ignore_ament_install']
[1.036s] Level 1:colcon.colcon_core.package_identification:_identify(src) by extension 'ignore'
[1.036s] Level 1:colcon.colcon_core.package_identification:_identify(src) by extension 'ignore_ament_install'
[1.036s] Level 1:colcon.colcon_core.package_identification:_identify(src) by extensions ['colcon_pkg']
[1.036s] Level 1:colcon.colcon_core.package_identification:_identify(src) by extension 'colcon_pkg'
[1.037s] Level 1:colcon.colcon_core.package_identification:_identify(src) by extensions ['colcon_meta']
[1.037s] Level 1:colcon.colcon_core.package_identification:_identify(src) by extension 'colcon_meta'
[1.037s] Level 1:colcon.colcon_core.package_identification:_identify(src) by extensions ['ros']
[1.038s] Level 1:colcon.colcon_core.package_identification:_identify(src) by extension 'ros'
[1.038s] Level 1:colcon.colcon_core.package_identification:_identify(src) by extensions ['cmake', 'python']
[1.038s] Level 1:colcon.colcon_core.package_identification:_identify(src) by extension 'cmake'
[1.038s] Level 1:colcon.colcon_core.package_identification:_identify(src) by extension 'python'
[1.038s] Level 1:colcon.colcon_core.package_identification:_identify(src) by extensions ['python_setup_py']
[1.038s] Level 1:colcon.colcon_core.package_identification:_identify(src) by extension 'python_setup_py'
[1.039s] Level 1:colcon.colcon_core.package_identification:_identify(src/mobile_bot) by extensions ['ignore', 'ignore_ament_install']
[1.039s] Level 1:colcon.colcon_core.package_identification:_identify(src/mobile_bot) by extension 'ignore'
[1.039s] Level 1:colcon.colcon_core.package_identification:_identify(src/mobile_bot) by extension 'ignore_ament_install'
[1.039s] Level 1:colcon.colcon_core.package_identification:_identify(src/mobile_bot) by extensions ['colcon_pkg']
[1.039s] Level 1:colcon.colcon_core.package_identification:_identify(src/mobile_bot) by extension 'colcon_pkg'
[1.039s] Level 1:colcon.colcon_core.package_identification:_identify(src/mobile_bot) by extensions ['colcon_meta']
[1.039s] Level 1:colcon.colcon_core.package_identification:_identify(src/mobile_bot) by extension 'colcon_meta'
[1.039s] Level 1:colcon.colcon_core.package_identification:_identify(src/mobile_bot) by extensions ['ros']
[1.040s] Level 1:colcon.colcon_core.package_identification:_identify(src/mobile_bot) by extension 'ros'
[1.054s] DEBUG:colcon.colcon_core.package_identification:Package 'src/mobile_bot' with type 'ros.ament_python' and name 'mobile_bot'
[1.055s] Level 1:colcon.colcon_core.package_discovery:discover_packages(recursive) using defaults
[1.056s] Level 1:colcon.colcon_core.package_discovery:discover_packages(ignore) discover
[1.057s] Level 1:colcon.colcon_core.package_discovery:discover_packages(ignore) using defaults
[1.058s] Level 1:colcon.colcon_core.package_discovery:discover_packages(path) discover
[1.059s] Level 1:colcon.colcon_core.package_discovery:discover_packages(path) using defaults
[1.197s] Level 1:colcon.colcon_core.package_discovery:discover_packages(prefix_path) check parameters
[1.198s] Level 1:colcon.colcon_core.package_discovery:discover_packages(prefix_path) discover
[1.208s] DEBUG:colcon.colcon_installed_package_information.package_discovery:Found 1 installed packages in /home/jakub/ros2_ws/install
[1.210s] DEBUG:colcon.colcon_installed_package_information.package_discovery:Found 265 installed packages in /opt/ros/foxy
[1.218s] Level 1:colcon.colcon_core.package_discovery:discover_packages(prefix_path) using defaults
[1.625s] Level 5:colcon.colcon_core.verb:set package 'mobile_bot' build argument 'cmake_args' from command line to 'None'
[1.625s] Level 5:colcon.colcon_core.verb:set package 'mobile_bot' build argument 'cmake_target' from command line to 'None'
[1.625s] Level 5:colcon.colcon_core.verb:set package 'mobile_bot' build argument 'cmake_target_skip_unavailable' from command line to 'False'
[1.625s] Level 5:colcon.colcon_core.verb:set package 'mobile_bot' build argument 'cmake_clean_cache' from command line to 'False'
[1.625s] Level 5:colcon.colcon_core.verb:set package 'mobile_bot' build argument 'cmake_clean_first' from command line to 'False'
[1.625s] Level 5:colcon.colcon_core.verb:set package 'mobile_bot' build argument 'cmake_force_configure' from command line to 'False'
[1.625s] Level 5:colcon.colcon_core.verb:set package 'mobile_bot' build argument 'ament_cmake_args' from command line to 'None'
[1.625s] Level 5:colcon.colcon_core.verb:set package 'mobile_bot' build argument 'catkin_cmake_args' from command line to 'None'
[1.625s] Level 5:colcon.colcon_core.verb:set package 'mobile_bot' build argument 'catkin_skip_building_tests' from command line to 'False'
[1.625s] DEBUG:colcon.colcon_core.verb:Building package 'mobile_bot' with the following arguments: {'ament_cmake_args': None, 'build_base': '/home/jakub/ros2_ws/build/mobile_bot', 'catkin_cmake_args': None, 'catkin_skip_building_tests': False, 'cmake_args': None, 'cmake_clean_cache': False, 'cmake_clean_first': False, 'cmake_force_configure': False, 'cmake_target': None, 'cmake_target_skip_unavailable': False, 'install_base': '/home/jakub/ros2_ws/install/mobile_bot', 'merge_install': False, 'path': '/home/jakub/ros2_ws/src/mobile_bot', 'symlink_install': False, 'test_result_base': None}
[1.626s] INFO:colcon.colcon_core.executor:Executing jobs using 'parallel' executor
[1.641s] DEBUG:colcon.colcon_parallel_executor.executor.parallel:run_until_complete
[1.642s] INFO:colcon.colcon_ros.task.ament_python.build:Building ROS package in '/home/jakub/ros2_ws/src/mobile_bot' with build type 'ament_python'
[1.645s] Level 1:colcon.colcon_core.shell:create_environment_hook('mobile_bot', 'ament_prefix_path')
[1.680s] INFO:colcon.colcon_core.plugin_system:Skipping extension 'colcon_core.shell.bat': Not used on non-Windows systems
[1.681s] INFO:colcon.colcon_core.shell:Creating environment hook '/home/jakub/ros2_ws/install/mobile_bot/share/mobile_bot/hook/ament_prefix_path.ps1'
[1.687s] INFO:colcon.colcon_core.shell:Creating environment descriptor '/home/jakub/ros2_ws/install/mobile_bot/share/mobile_bot/hook/ament_prefix_path.dsv'
[1.690s] INFO:colcon.colcon_core.shell:Creating environment hook '/home/jakub/ros2_ws/install/mobile_bot/share/mobile_bot/hook/ament_prefix_path.sh'
[1.696s] INFO:colcon.colcon_core.shell:Skip shell extension 'powershell' for command environment: Not usable outside of PowerShell
[1.697s] DEBUG:colcon.colcon_core.shell:Skip shell extension 'dsv' for command environment
[2.855s] INFO:colcon.colcon_core.task.python.build:Building Python package in '/home/jakub/ros2_ws/src/mobile_bot'
[2.864s] INFO:colcon.colcon_core.shell:Skip shell extension 'powershell' for command environment: Not usable outside of PowerShell
[2.865s] DEBUG:colcon.colcon_core.shell:Skip shell extension 'dsv' for command environment
[5.175s] DEBUG:colcon.colcon_core.event_handler.log_command:Invoking command in '/home/jakub/ros2_ws/src/mobile_bot': PYTHONPATH=/home/jakub/ros2_ws/build/mobile_bot/prefix_override:/home/jakub/ros2_ws/install/mobile_bot/lib/python3.8/site-packages:${PYTHONPATH} /usr/bin/python3 setup.py egg_info --egg-base ../../build/mobile_bot build --build-base /home/jakub/ros2_ws/build/mobile_bot/build install --record /home/jakub/ros2_ws/build/mobile_bot/install.log --install-scripts $base/lib/mobile_bot --single-version-externally-managed
[6.881s] DEBUG:colcon.colcon_core.event_handler.log_command:Invoked command in '/home/jakub/ros2_ws/src/mobile_bot' returned '0': PYTHONPATH=/home/jakub/ros2_ws/build/mobile_bot/prefix_override:/home/jakub/ros2_ws/install/mobile_bot/lib/python3.8/site-packages:${PYTHONPATH} /usr/bin/python3 setup.py egg_info --egg-base ../../build/mobile_bot build --build-base /home/jakub/ros2_ws/build/mobile_bot/build install --record /home/jakub/ros2_ws/build/mobile_bot/install.log --install-scripts $base/lib/mobile_bot --single-version-externally-managed
[6.911s] Level 1:colcon.colcon_core.environment:checking '/home/jakub/ros2_ws/install/mobile_bot' for CMake module files
[6.913s] Level 1:colcon.colcon_core.environment:checking '/home/jakub/ros2_ws/install/mobile_bot' for CMake config files
[6.914s] Level 1:colcon.colcon_core.environment:checking '/home/jakub/ros2_ws/install/mobile_bot/lib'
[6.916s] Level 1:colcon.colcon_core.environment:checking '/home/jakub/ros2_ws/install/mobile_bot/bin'
[6.917s] Level 1:colcon.colcon_core.environment:checking '/home/jakub/ros2_ws/install/mobile_bot/lib/pkgconfig/mobile_bot.pc'
[6.917s] Level 1:colcon.colcon_core.environment:checking '/home/jakub/ros2_ws/install/mobile_bot/lib/python3.8/site-packages'
[6.918s] Level 1:colcon.colcon_core.shell:create_environment_hook('mobile_bot', 'pythonpath')
[6.934s] INFO:colcon.colcon_core.shell:Creating environment hook '/home/jakub/ros2_ws/install/mobile_bot/share/mobile_bot/hook/pythonpath.ps1'
[6.936s] INFO:colcon.colcon_core.shell:Creating environment descriptor '/home/jakub/ros2_ws/install/mobile_bot/share/mobile_bot/hook/pythonpath.dsv'
[6.938s] INFO:colcon.colcon_core.shell:Creating environment hook '/home/jakub/ros2_ws/install/mobile_bot/share/mobile_bot/hook/pythonpath.sh'
[6.941s] Level 1:colcon.colcon_core.environment:checking '/home/jakub/ros2_ws/install/mobile_bot/bin'
[6.941s] Level 1:colcon.colcon_core.environment:create_environment_scripts_only(mobile_bot)
[6.947s] INFO:colcon.colcon_core.shell:Creating package script '/home/jakub/ros2_ws/install/mobile_bot/share/mobile_bot/package.ps1'
[6.957s] INFO:colcon.colcon_core.shell:Creating package descriptor '/home/jakub/ros2_ws/install/mobile_bot/share/mobile_bot/package.dsv'
[6.963s] INFO:colcon.colcon_core.shell:Creating package script '/home/jakub/ros2_ws/install/mobile_bot/share/mobile_bot/package.sh'
[6.968s] INFO:colcon.colcon_core.shell:Creating package script '/home/jakub/ros2_ws/install/mobile_bot/share/mobile_bot/package.bash'
[6.974s] INFO:colcon.colcon_core.shell:Creating package script '/home/jakub/ros2_ws/install/mobile_bot/share/mobile_bot/package.zsh'
[6.981s] Level 1:colcon.colcon_core.environment:create_file_with_runtime_dependencies(/home/jakub/ros2_ws/install/mobile_bot/share/colcon-core/packages/mobile_bot)
[6.984s] DEBUG:colcon.colcon_parallel_executor.executor.parallel:closing loop
[6.990s] DEBUG:colcon.colcon_parallel_executor.executor.parallel:loop closed
[6.991s] DEBUG:colcon.colcon_parallel_executor.executor.parallel:run_until_complete finished with '0'
[6.992s] DEBUG:colcon.colcon_core.event_reactor:joining thread
[7.027s] INFO:colcon.colcon_core.plugin_system:Skipping extension 'colcon_notification.desktop_notification.terminal_notifier': Not used on non-Darwin systems
[7.029s] INFO:colcon.colcon_core.plugin_system:Skipping extension 'colcon_notification.desktop_notification.win32': Not used on non-Windows systems
[7.030s] INFO:colcon.colcon_notification.desktop_notification:Sending desktop notification using 'notify2'
[7.123s] DEBUG:colcon.colcon_core.event_reactor:joined thread
[7.135s] INFO:colcon.colcon_core.shell:Creating prefix script '/home/jakub/ros2_ws/install/local_setup.ps1'
[7.141s] INFO:colcon.colcon_core.shell:Creating prefix util module '/home/jakub/ros2_ws/install/_local_setup_util_ps1.py'
[7.146s] INFO:colcon.colcon_core.shell:Creating prefix chain script '/home/jakub/ros2_ws/install/setup.ps1'
[7.155s] INFO:colcon.colcon_core.shell:Creating prefix script '/home/jakub/ros2_ws/install/local_setup.sh'
[7.163s] INFO:colcon.colcon_core.shell:Creating prefix util module '/home/jakub/ros2_ws/install/_local_setup_util_sh.py'
[7.165s] INFO:colcon.colcon_core.shell:Creating prefix chain script '/home/jakub/ros2_ws/install/setup.sh'
[7.171s] INFO:colcon.colcon_core.shell:Creating prefix script '/home/jakub/ros2_ws/install/local_setup.bash'
[7.177s] INFO:colcon.colcon_core.shell:Creating prefix chain script '/home/jakub/ros2_ws/install/setup.bash'
[7.187s] INFO:colcon.colcon_core.shell:Creating prefix script '/home/jakub/ros2_ws/install/local_setup.zsh'
[7.193s] INFO:colcon.colcon_core.shell:Creating prefix chain script '/home/jakub/ros2_ws/install/setup.zsh'
