[3.101s] Invoking command in '/home/jakub/ros2_ws/src/mobile_bot': PYTHONPATH=/home/jakub/ros2_ws/build/mobile_bot/prefix_override:/home/jakub/ros2_ws/install/mobile_bot/lib/python3.8/site-packages:${PYTHONPATH} /usr/bin/python3 setup.py egg_info --egg-base ../../build/mobile_bot build --build-base /home/jakub/ros2_ws/build/mobile_bot/build install --record /home/jakub/ros2_ws/build/mobile_bot/install.log --install-scripts $base/lib/mobile_bot --single-version-externally-managed
[4.054s] running egg_info
[4.059s] writing ../../build/mobile_bot/mobile_bot.egg-info/PKG-INFO
[4.062s] writing dependency_links to ../../build/mobile_bot/mobile_bot.egg-info/dependency_links.txt
[4.065s] writing entry points to ../../build/mobile_bot/mobile_bot.egg-info/entry_points.txt
[4.065s] writing requirements to ../../build/mobile_bot/mobile_bot.egg-info/requires.txt
[4.065s] writing top-level names to ../../build/mobile_bot/mobile_bot.egg-info/top_level.txt
[4.202s] reading manifest file '../../build/mobile_bot/mobile_bot.egg-info/SOURCES.txt'
[4.205s] writing manifest file '../../build/mobile_bot/mobile_bot.egg-info/SOURCES.txt'
[4.206s] running build
[4.206s] running build_py
[4.207s] running install
[4.213s] running install_lib
[4.227s] running install_data
[4.229s] running install_egg_info
[4.236s] removing '/home/jakub/ros2_ws/install/mobile_bot/lib/python3.8/site-packages/mobile_bot-0.0.0-py3.8.egg-info' (and everything under it)
[4.236s] Copying ../../build/mobile_bot/mobile_bot.egg-info to /home/jakub/ros2_ws/install/mobile_bot/lib/python3.8/site-packages/mobile_bot-0.0.0-py3.8.egg-info
[4.240s] running install_scripts
[4.333s] Installing camera_img script to /home/jakub/ros2_ws/install/mobile_bot/lib/mobile_bot
[4.336s] Installing lidar_scan script to /home/jakub/ros2_ws/install/mobile_bot/lib/mobile_bot
[4.337s] Installing person_follower script to /home/jakub/ros2_ws/install/mobile_bot/lib/mobile_bot
[4.338s] Installing velocity script to /home/jakub/ros2_ws/install/mobile_bot/lib/mobile_bot
[4.339s] writing list of installed files to '/home/jakub/ros2_ws/build/mobile_bot/install.log'
[4.521s] Invoked command in '/home/jakub/ros2_ws/src/mobile_bot' returned '0': PYTHONPATH=/home/jakub/ros2_ws/build/mobile_bot/prefix_override:/home/jakub/ros2_ws/install/mobile_bot/lib/python3.8/site-packages:${PYTHONPATH} /usr/bin/python3 setup.py egg_info --egg-base ../../build/mobile_bot build --build-base /home/jakub/ros2_ws/build/mobile_bot/build install --record /home/jakub/ros2_ws/build/mobile_bot/install.log --install-scripts $base/lib/mobile_bot --single-version-externally-managed
