[0.584s] Invoking command in '/home/jakub/ros2_ws/src/mobile_bot': PYTHONPATH=/home/jakub/ros2_ws/build/mobile_bot/prefix_override:/home/jakub/ros2_ws/install/mobile_bot/lib/python3.8/site-packages:${PYTHONPATH} /usr/bin/python3 setup.py egg_info --egg-base ../../build/mobile_bot build --build-base /home/jakub/ros2_ws/build/mobile_bot/build install --record /home/jakub/ros2_ws/build/mobile_bot/install.log --install-scripts $base/lib/mobile_bot --single-version-externally-managed
[0.824s] running egg_info
[0.825s] writing ../../build/mobile_bot/mobile_bot.egg-info/PKG-INFO
[0.825s] writing dependency_links to ../../build/mobile_bot/mobile_bot.egg-info/dependency_links.txt
[0.825s] writing entry points to ../../build/mobile_bot/mobile_bot.egg-info/entry_points.txt
[0.825s] writing requirements to ../../build/mobile_bot/mobile_bot.egg-info/requires.txt
[0.825s] writing top-level names to ../../build/mobile_bot/mobile_bot.egg-info/top_level.txt
[0.877s] reading manifest file '../../build/mobile_bot/mobile_bot.egg-info/SOURCES.txt'
[0.878s] writing manifest file '../../build/mobile_bot/mobile_bot.egg-info/SOURCES.txt'
[0.878s] running build
[0.878s] running build_py
[0.879s] running install
[0.880s] running install_lib
[0.882s] running install_data
[0.882s] running install_egg_info
[0.884s] removing '/home/jakub/ros2_ws/install/mobile_bot/lib/python3.8/site-packages/mobile_bot-0.0.0-py3.8.egg-info' (and everything under it)
[0.884s] Copying ../../build/mobile_bot/mobile_bot.egg-info to /home/jakub/ros2_ws/install/mobile_bot/lib/python3.8/site-packages/mobile_bot-0.0.0-py3.8.egg-info
[0.885s] running install_scripts
[0.900s] Installing camera_img script to /home/jakub/ros2_ws/install/mobile_bot/lib/mobile_bot
[0.900s] Installing lidar_scan script to /home/jakub/ros2_ws/install/mobile_bot/lib/mobile_bot
[0.900s] Installing person_follower script to /home/jakub/ros2_ws/install/mobile_bot/lib/mobile_bot
[0.900s] Installing velocity script to /home/jakub/ros2_ws/install/mobile_bot/lib/mobile_bot
[0.900s] writing list of installed files to '/home/jakub/ros2_ws/build/mobile_bot/install.log'
[0.925s] Invoked command in '/home/jakub/ros2_ws/src/mobile_bot' returned '0': PYTHONPATH=/home/jakub/ros2_ws/build/mobile_bot/prefix_override:/home/jakub/ros2_ws/install/mobile_bot/lib/python3.8/site-packages:${PYTHONPATH} /usr/bin/python3 setup.py egg_info --egg-base ../../build/mobile_bot build --build-base /home/jakub/ros2_ws/build/mobile_bot/build install --record /home/jakub/ros2_ws/build/mobile_bot/install.log --install-scripts $base/lib/mobile_bot --single-version-externally-managed
