[2.857s] Invoking command in '/home/jakub/ros2_ws/src/mobile_bot': PYTHONPATH=/home/jakub/ros2_ws/build/mobile_bot/prefix_override:/home/jakub/ros2_ws/install/mobile_bot/lib/python3.8/site-packages:${PYTHONPATH} /usr/bin/python3 setup.py egg_info --egg-base ../../build/mobile_bot build --build-base /home/jakub/ros2_ws/build/mobile_bot/build install --record /home/jakub/ros2_ws/build/mobile_bot/install.log --install-scripts $base/lib/mobile_bot --single-version-externally-managed
[3.774s] running egg_info
[3.778s] writing ../../build/mobile_bot/mobile_bot.egg-info/PKG-INFO
[3.781s] writing dependency_links to ../../build/mobile_bot/mobile_bot.egg-info/dependency_links.txt
[3.785s] writing entry points to ../../build/mobile_bot/mobile_bot.egg-info/entry_points.txt
[3.787s] writing requirements to ../../build/mobile_bot/mobile_bot.egg-info/requires.txt
[3.788s] writing top-level names to ../../build/mobile_bot/mobile_bot.egg-info/top_level.txt
[3.917s] reading manifest file '../../build/mobile_bot/mobile_bot.egg-info/SOURCES.txt'
[3.919s] writing manifest file '../../build/mobile_bot/mobile_bot.egg-info/SOURCES.txt'
[3.920s] running build
[3.920s] running build_py
[3.922s] running install
[3.926s] running install_lib
[3.937s] running install_data
[3.939s] running install_egg_info
[3.948s] removing '/home/jakub/ros2_ws/install/mobile_bot/lib/python3.8/site-packages/mobile_bot-0.0.0-py3.8.egg-info' (and everything under it)
[3.948s] Copying ../../build/mobile_bot/mobile_bot.egg-info to /home/jakub/ros2_ws/install/mobile_bot/lib/python3.8/site-packages/mobile_bot-0.0.0-py3.8.egg-info
[3.955s] running install_scripts
[4.039s] Installing camera_img script to /home/jakub/ros2_ws/install/mobile_bot/lib/mobile_bot
[4.042s] Installing detector script to /home/jakub/ros2_ws/install/mobile_bot/lib/mobile_bot
[4.044s] Installing lidar_scan script to /home/jakub/ros2_ws/install/mobile_bot/lib/mobile_bot
[4.044s] Installing person_follower script to /home/jakub/ros2_ws/install/mobile_bot/lib/mobile_bot
[4.044s] Installing velocity script to /home/jakub/ros2_ws/install/mobile_bot/lib/mobile_bot
[4.045s] writing list of installed files to '/home/jakub/ros2_ws/build/mobile_bot/install.log'
[4.206s] Invoked command in '/home/jakub/ros2_ws/src/mobile_bot' returned '0': PYTHONPATH=/home/jakub/ros2_ws/build/mobile_bot/prefix_override:/home/jakub/ros2_ws/install/mobile_bot/lib/python3.8/site-packages:${PYTHONPATH} /usr/bin/python3 setup.py egg_info --egg-base ../../build/mobile_bot build --build-base /home/jakub/ros2_ws/build/mobile_bot/build install --record /home/jakub/ros2_ws/build/mobile_bot/install.log --install-scripts $base/lib/mobile_bot --single-version-externally-managed
