[0.554s] Invoking command in '/home/jakub/ros2_ws/src/mobile_bot': PYTHONPATH=/home/jakub/ros2_ws/build/mobile_bot/prefix_override:/home/jakub/ros2_ws/install/mobile_bot/lib/python3.8/site-packages:${PYTHONPATH} /usr/bin/python3 setup.py egg_info --egg-base ../../build/mobile_bot build --build-base /home/jakub/ros2_ws/build/mobile_bot/build install --record /home/jakub/ros2_ws/build/mobile_bot/install.log --install-scripts $base/lib/mobile_bot --single-version-externally-managed
[0.746s] running egg_info
[0.746s] writing ../../build/mobile_bot/mobile_bot.egg-info/PKG-INFO
[0.746s] writing dependency_links to ../../build/mobile_bot/mobile_bot.egg-info/dependency_links.txt
[0.746s] writing entry points to ../../build/mobile_bot/mobile_bot.egg-info/entry_points.txt
[0.747s] writing requirements to ../../build/mobile_bot/mobile_bot.egg-info/requires.txt
[0.747s] writing top-level names to ../../build/mobile_bot/mobile_bot.egg-info/top_level.txt
[0.788s] reading manifest file '../../build/mobile_bot/mobile_bot.egg-info/SOURCES.txt'
[0.789s] writing manifest file '../../build/mobile_bot/mobile_bot.egg-info/SOURCES.txt'
[0.789s] running build
[0.789s] running build_py
[0.790s] copying mobile_bot/utils.py -> /home/jakub/ros2_ws/build/mobile_bot/build/lib/mobile_bot
[0.790s] copying mobile_bot/detect.py -> /home/jakub/ros2_ws/build/mobile_bot/build/lib/mobile_bot
[0.790s] running install
[0.791s] running install_lib
[0.792s] copying /home/jakub/ros2_ws/build/mobile_bot/build/lib/mobile_bot/utils.py -> /home/jakub/ros2_ws/install/mobile_bot/lib/python3.8/site-packages/mobile_bot
[0.792s] copying /home/jakub/ros2_ws/build/mobile_bot/build/lib/mobile_bot/detect.py -> /home/jakub/ros2_ws/install/mobile_bot/lib/python3.8/site-packages/mobile_bot
[0.792s] byte-compiling /home/jakub/ros2_ws/install/mobile_bot/lib/python3.8/site-packages/mobile_bot/utils.py to utils.cpython-38.pyc
[0.793s] byte-compiling /home/jakub/ros2_ws/install/mobile_bot/lib/python3.8/site-packages/mobile_bot/detect.py to detect.cpython-38.pyc
[0.794s] running install_data
[0.794s] running install_egg_info
[0.795s] removing '/home/jakub/ros2_ws/install/mobile_bot/lib/python3.8/site-packages/mobile_bot-0.0.0-py3.8.egg-info' (and everything under it)
[0.796s] Copying ../../build/mobile_bot/mobile_bot.egg-info to /home/jakub/ros2_ws/install/mobile_bot/lib/python3.8/site-packages/mobile_bot-0.0.0-py3.8.egg-info
[0.796s] running install_scripts
[0.810s] Installing camera_img script to /home/jakub/ros2_ws/install/mobile_bot/lib/mobile_bot
[0.810s] Installing lidar_scan script to /home/jakub/ros2_ws/install/mobile_bot/lib/mobile_bot
[0.810s] Installing person_follower script to /home/jakub/ros2_ws/install/mobile_bot/lib/mobile_bot
[0.811s] Installing velocity script to /home/jakub/ros2_ws/install/mobile_bot/lib/mobile_bot
[0.811s] writing list of installed files to '/home/jakub/ros2_ws/build/mobile_bot/install.log'
[0.828s] Invoked command in '/home/jakub/ros2_ws/src/mobile_bot' returned '0': PYTHONPATH=/home/jakub/ros2_ws/build/mobile_bot/prefix_override:/home/jakub/ros2_ws/install/mobile_bot/lib/python3.8/site-packages:${PYTHONPATH} /usr/bin/python3 setup.py egg_info --egg-base ../../build/mobile_bot build --build-base /home/jakub/ros2_ws/build/mobile_bot/build install --record /home/jakub/ros2_ws/build/mobile_bot/install.log --install-scripts $base/lib/mobile_bot --single-version-externally-managed
