[3.214s] Invoking command in '/home/jakub/ros2_ws/src/mobile_bot': PYTHONPATH=/home/jakub/ros2_ws/build/mobile_bot/prefix_override:/home/jakub/ros2_ws/install/mobile_bot/lib/python3.8/site-packages:${PYTHONPATH} /usr/bin/python3 setup.py egg_info --egg-base ../../build/mobile_bot build --build-base /home/jakub/ros2_ws/build/mobile_bot/build install --record /home/jakub/ros2_ws/build/mobile_bot/install.log --install-scripts $base/lib/mobile_bot --single-version-externally-managed
[4.083s] running egg_info
[4.089s] writing ../../build/mobile_bot/mobile_bot.egg-info/PKG-INFO
[4.090s] writing dependency_links to ../../build/mobile_bot/mobile_bot.egg-info/dependency_links.txt
[4.091s] writing entry points to ../../build/mobile_bot/mobile_bot.egg-info/entry_points.txt
[4.091s] writing requirements to ../../build/mobile_bot/mobile_bot.egg-info/requires.txt
[4.091s] writing top-level names to ../../build/mobile_bot/mobile_bot.egg-info/top_level.txt
[4.218s] reading manifest file '../../build/mobile_bot/mobile_bot.egg-info/SOURCES.txt'
[4.220s] writing manifest file '../../build/mobile_bot/mobile_bot.egg-info/SOURCES.txt'
[4.221s] running build
[4.222s] running build_py
[4.222s] copying mobile_bot/camera_sub.py -> /home/jakub/ros2_ws/build/mobile_bot/build/lib/mobile_bot
[4.223s] running install
[4.228s] running install_lib
[4.235s] copying /home/jakub/ros2_ws/build/mobile_bot/build/lib/mobile_bot/camera_sub.py -> /home/jakub/ros2_ws/install/mobile_bot/lib/python3.8/site-packages/mobile_bot
[4.236s] byte-compiling /home/jakub/ros2_ws/install/mobile_bot/lib/python3.8/site-packages/mobile_bot/camera_sub.py to camera_sub.cpython-38.pyc
[4.240s] running install_data
[4.242s] running install_egg_info
[4.247s] removing '/home/jakub/ros2_ws/install/mobile_bot/lib/python3.8/site-packages/mobile_bot-0.0.0-py3.8.egg-info' (and everything under it)
[4.249s] Copying ../../build/mobile_bot/mobile_bot.egg-info to /home/jakub/ros2_ws/install/mobile_bot/lib/python3.8/site-packages/mobile_bot-0.0.0-py3.8.egg-info
[4.257s] running install_scripts
[4.342s] Installing camera_img script to /home/jakub/ros2_ws/install/mobile_bot/lib/mobile_bot
[4.342s] Installing lidar_scan script to /home/jakub/ros2_ws/install/mobile_bot/lib/mobile_bot
[4.342s] Installing velocity script to /home/jakub/ros2_ws/install/mobile_bot/lib/mobile_bot
[4.342s] writing list of installed files to '/home/jakub/ros2_ws/build/mobile_bot/install.log'
[4.504s] Invoked command in '/home/jakub/ros2_ws/src/mobile_bot' returned '0': PYTHONPATH=/home/jakub/ros2_ws/build/mobile_bot/prefix_override:/home/jakub/ros2_ws/install/mobile_bot/lib/python3.8/site-packages:${PYTHONPATH} /usr/bin/python3 setup.py egg_info --egg-base ../../build/mobile_bot build --build-base /home/jakub/ros2_ws/build/mobile_bot/build install --record /home/jakub/ros2_ws/build/mobile_bot/install.log --install-scripts $base/lib/mobile_bot --single-version-externally-managed
