running egg_info
writing ../../build/mobile_bot/mobile_bot.egg-info/PKG-INFO
writing dependency_links to ../../build/mobile_bot/mobile_bot.egg-info/dependency_links.txt
writing entry points to ../../build/mobile_bot/mobile_bot.egg-info/entry_points.txt
writing requirements to ../../build/mobile_bot/mobile_bot.egg-info/requires.txt
writing top-level names to ../../build/mobile_bot/mobile_bot.egg-info/top_level.txt
reading manifest file '../../build/mobile_bot/mobile_bot.egg-info/SOURCES.txt'
writing manifest file '../../build/mobile_bot/mobile_bot.egg-info/SOURCES.txt'
running build
running build_py
copying mobile_bot/person_follow.py -> /home/jakub/ros2_ws/build/mobile_bot/build/lib/mobile_bot
running install
running install_lib
copying /home/jakub/ros2_ws/build/mobile_bot/build/lib/mobile_bot/person_follow.py -> /home/jakub/ros2_ws/install/mobile_bot/lib/python3.8/site-packages/mobile_bot
byte-compiling /home/jakub/ros2_ws/install/mobile_bot/lib/python3.8/site-packages/mobile_bot/person_follow.py to person_follow.cpython-38.pyc
running install_data
running install_egg_info
removing '/home/jakub/ros2_ws/install/mobile_bot/lib/python3.8/site-packages/mobile_bot-0.0.0-py3.8.egg-info' (and everything under it)
Copying ../../build/mobile_bot/mobile_bot.egg-info to /home/jakub/ros2_ws/install/mobile_bot/lib/python3.8/site-packages/mobile_bot-0.0.0-py3.8.egg-info
running install_scripts
Installing camera_img script to /home/jakub/ros2_ws/install/mobile_bot/lib/mobile_bot
Installing detector script to /home/jakub/ros2_ws/install/mobile_bot/lib/mobile_bot
Installing lidar_scan script to /home/jakub/ros2_ws/install/mobile_bot/lib/mobile_bot
Installing person_follower script to /home/jakub/ros2_ws/install/mobile_bot/lib/mobile_bot
Installing velocity script to /home/jakub/ros2_ws/install/mobile_bot/lib/mobile_bot
writing list of installed files to '/home/jakub/ros2_ws/build/mobile_bot/install.log'
