[4.155s] Invoking command in '/home/jakub/ros2_ws/src/mobile_bot': PYTHONPATH=/home/jakub/ros2_ws/build/mobile_bot/prefix_override:/home/jakub/ros2_ws/install/mobile_bot/lib/python3.8/site-packages:${PYTHONPATH} /usr/bin/python3 setup.py egg_info --egg-base ../../build/mobile_bot build --build-base /home/jakub/ros2_ws/build/mobile_bot/build install --record /home/jakub/ros2_ws/build/mobile_bot/install.log --install-scripts $base/lib/mobile_bot --single-version-externally-managed
[5.583s] running egg_info
[5.584s] writing ../../build/mobile_bot/mobile_bot.egg-info/PKG-INFO
[5.585s] writing dependency_links to ../../build/mobile_bot/mobile_bot.egg-info/dependency_links.txt
[5.588s] writing entry points to ../../build/mobile_bot/mobile_bot.egg-info/entry_points.txt
[5.589s] writing requirements to ../../build/mobile_bot/mobile_bot.egg-info/requires.txt
[5.590s] writing top-level names to ../../build/mobile_bot/mobile_bot.egg-info/top_level.txt
[5.829s] reading manifest file '../../build/mobile_bot/mobile_bot.egg-info/SOURCES.txt'
[5.837s] writing manifest file '../../build/mobile_bot/mobile_bot.egg-info/SOURCES.txt'
[5.839s] running build
[5.841s] running build_py
[5.841s] copying mobile_bot/lidar_vision.py -> /home/jakub/ros2_ws/build/mobile_bot/build/lib/mobile_bot
[5.842s] running install
[5.846s] running install_lib
[5.853s] copying /home/jakub/ros2_ws/build/mobile_bot/build/lib/mobile_bot/lidar_vision.py -> /home/jakub/ros2_ws/install/mobile_bot/lib/python3.8/site-packages/mobile_bot
[5.857s] byte-compiling /home/jakub/ros2_ws/install/mobile_bot/lib/python3.8/site-packages/mobile_bot/lidar_vision.py to lidar_vision.cpython-38.pyc
[5.868s] running install_data
[5.870s] running install_egg_info
[5.881s] removing '/home/jakub/ros2_ws/install/mobile_bot/lib/python3.8/site-packages/mobile_bot-0.0.0-py3.8.egg-info' (and everything under it)
[5.884s] Copying ../../build/mobile_bot/mobile_bot.egg-info to /home/jakub/ros2_ws/install/mobile_bot/lib/python3.8/site-packages/mobile_bot-0.0.0-py3.8.egg-info
[5.888s] running install_scripts
[5.989s] Installing camera_img script to /home/jakub/ros2_ws/install/mobile_bot/lib/mobile_bot
[5.990s] Installing lidar_scan script to /home/jakub/ros2_ws/install/mobile_bot/lib/mobile_bot
[5.990s] Installing velocity script to /home/jakub/ros2_ws/install/mobile_bot/lib/mobile_bot
[5.991s] writing list of installed files to '/home/jakub/ros2_ws/build/mobile_bot/install.log'
[6.134s] Invoked command in '/home/jakub/ros2_ws/src/mobile_bot' returned '0': PYTHONPATH=/home/jakub/ros2_ws/build/mobile_bot/prefix_override:/home/jakub/ros2_ws/install/mobile_bot/lib/python3.8/site-packages:${PYTHONPATH} /usr/bin/python3 setup.py egg_info --egg-base ../../build/mobile_bot build --build-base /home/jakub/ros2_ws/build/mobile_bot/build install --record /home/jakub/ros2_ws/build/mobile_bot/install.log --install-scripts $base/lib/mobile_bot --single-version-externally-managed
