/home/ubuntu/ros2_git_ws/mobile_bot_vision/install/mobile_bot/lib/python3.8/site-packages/mobile_bot/camera_sub.py
/home/ubuntu/ros2_git_ws/mobile_bot_vision/install/mobile_bot/lib/python3.8/site-packages/mobile_bot/person_follow.py
/home/ubuntu/ros2_git_ws/mobile_bot_vision/install/mobile_bot/lib/python3.8/site-packages/mobile_bot/tflite_test.py
/home/ubuntu/ros2_git_ws/mobile_bot_vision/install/mobile_bot/lib/python3.8/site-packages/mobile_bot/opencv_test.py
/home/ubuntu/ros2_git_ws/mobile_bot_vision/install/mobile_bot/lib/python3.8/site-packages/mobile_bot/detect.py
/home/ubuntu/ros2_git_ws/mobile_bot_vision/install/mobile_bot/lib/python3.8/site-packages/mobile_bot/myutils.py
/home/ubuntu/ros2_git_ws/mobile_bot_vision/install/mobile_bot/lib/python3.8/site-packages/mobile_bot/utils.py
/home/ubuntu/ros2_git_ws/mobile_bot_vision/install/mobile_bot/lib/python3.8/site-packages/mobile_bot/motor_pwm.py
/home/ubuntu/ros2_git_ws/mobile_bot_vision/install/mobile_bot/lib/python3.8/site-packages/mobile_bot/__init__.py
/home/ubuntu/ros2_git_ws/mobile_bot_vision/install/mobile_bot/lib/python3.8/site-packages/mobile_bot/lidar_vision.py
/home/ubuntu/ros2_git_ws/mobile_bot_vision/install/mobile_bot/lib/python3.8/site-packages/mobile_bot/__pycache__/camera_sub.cpython-38.pyc
/home/ubuntu/ros2_git_ws/mobile_bot_vision/install/mobile_bot/lib/python3.8/site-packages/mobile_bot/__pycache__/person_follow.cpython-38.pyc
/home/ubuntu/ros2_git_ws/mobile_bot_vision/install/mobile_bot/lib/python3.8/site-packages/mobile_bot/__pycache__/tflite_test.cpython-38.pyc
/home/ubuntu/ros2_git_ws/mobile_bot_vision/install/mobile_bot/lib/python3.8/site-packages/mobile_bot/__pycache__/opencv_test.cpython-38.pyc
/home/ubuntu/ros2_git_ws/mobile_bot_vision/install/mobile_bot/lib/python3.8/site-packages/mobile_bot/__pycache__/detect.cpython-38.pyc
/home/ubuntu/ros2_git_ws/mobile_bot_vision/install/mobile_bot/lib/python3.8/site-packages/mobile_bot/__pycache__/myutils.cpython-38.pyc
/home/ubuntu/ros2_git_ws/mobile_bot_vision/install/mobile_bot/lib/python3.8/site-packages/mobile_bot/__pycache__/utils.cpython-38.pyc
/home/ubuntu/ros2_git_ws/mobile_bot_vision/install/mobile_bot/lib/python3.8/site-packages/mobile_bot/__pycache__/motor_pwm.cpython-38.pyc
/home/ubuntu/ros2_git_ws/mobile_bot_vision/install/mobile_bot/lib/python3.8/site-packages/mobile_bot/__pycache__/__init__.cpython-38.pyc
/home/ubuntu/ros2_git_ws/mobile_bot_vision/install/mobile_bot/lib/python3.8/site-packages/mobile_bot/__pycache__/lidar_vision.cpython-38.pyc
/home/ubuntu/ros2_git_ws/mobile_bot_vision/install/mobile_bot/share/ament_index/resource_index/packages/mobile_bot
/home/ubuntu/ros2_git_ws/mobile_bot_vision/install/mobile_bot/share/mobile_bot/package.xml
/home/ubuntu/ros2_git_ws/mobile_bot_vision/install/mobile_bot/lib/python3.8/site-packages/mobile_bot-0.0.0-py3.8.egg-info/zip-safe
/home/ubuntu/ros2_git_ws/mobile_bot_vision/install/mobile_bot/lib/python3.8/site-packages/mobile_bot-0.0.0-py3.8.egg-info/PKG-INFO
/home/ubuntu/ros2_git_ws/mobile_bot_vision/install/mobile_bot/lib/python3.8/site-packages/mobile_bot-0.0.0-py3.8.egg-info/dependency_links.txt
/home/ubuntu/ros2_git_ws/mobile_bot_vision/install/mobile_bot/lib/python3.8/site-packages/mobile_bot-0.0.0-py3.8.egg-info/requires.txt
/home/ubuntu/ros2_git_ws/mobile_bot_vision/install/mobile_bot/lib/python3.8/site-packages/mobile_bot-0.0.0-py3.8.egg-info/SOURCES.txt
/home/ubuntu/ros2_git_ws/mobile_bot_vision/install/mobile_bot/lib/python3.8/site-packages/mobile_bot-0.0.0-py3.8.egg-info/top_level.txt
/home/ubuntu/ros2_git_ws/mobile_bot_vision/install/mobile_bot/lib/python3.8/site-packages/mobile_bot-0.0.0-py3.8.egg-info/entry_points.txt
/home/ubuntu/ros2_git_ws/mobile_bot_vision/install/mobile_bot/lib/mobile_bot/camera_img
/home/ubuntu/ros2_git_ws/mobile_bot_vision/install/mobile_bot/lib/mobile_bot/detector
/home/ubuntu/ros2_git_ws/mobile_bot_vision/install/mobile_bot/lib/mobile_bot/lidar_scan
/home/ubuntu/ros2_git_ws/mobile_bot_vision/install/mobile_bot/lib/mobile_bot/person_follower
/home/ubuntu/ros2_git_ws/mobile_bot_vision/install/mobile_bot/lib/mobile_bot/velocity
