[0.501s] Invoking command in '/home/jakub/ros2_ws/src/mobile_bot': PYTHONPATH=/home/jakub/ros2_ws/build/mobile_bot/prefix_override:/home/jakub/ros2_ws/install/mobile_bot/lib/python3.8/site-packages:${PYTHONPATH} /usr/bin/python3 setup.py egg_info --egg-base ../../build/mobile_bot build --build-base /home/jakub/ros2_ws/build/mobile_bot/build install --record /home/jakub/ros2_ws/build/mobile_bot/install.log --install-scripts $base/lib/mobile_bot --single-version-externally-managed
[0.670s] running egg_info
[0.670s] writing ../../build/mobile_bot/mobile_bot.egg-info/PKG-INFO
[0.671s] writing dependency_links to ../../build/mobile_bot/mobile_bot.egg-info/dependency_links.txt
[0.671s] writing entry points to ../../build/mobile_bot/mobile_bot.egg-info/entry_points.txt
[0.671s] writing requirements to ../../build/mobile_bot/mobile_bot.egg-info/requires.txt
[0.671s] writing top-level names to ../../build/mobile_bot/mobile_bot.egg-info/top_level.txt
[0.698s] reading manifest file '../../build/mobile_bot/mobile_bot.egg-info/SOURCES.txt'
[0.698s] writing manifest file '../../build/mobile_bot/mobile_bot.egg-info/SOURCES.txt'
[0.698s] running build
[0.698s] running build_py
[0.699s] copying mobile_bot/motor_pwm.py -> /home/jakub/ros2_ws/build/mobile_bot/build/lib/mobile_bot
[0.699s] running install
[0.699s] running install_lib
[0.700s] copying /home/jakub/ros2_ws/build/mobile_bot/build/lib/mobile_bot/motor_pwm.py -> /home/jakub/ros2_ws/install/mobile_bot/lib/python3.8/site-packages/mobile_bot
[0.700s] byte-compiling /home/jakub/ros2_ws/install/mobile_bot/lib/python3.8/site-packages/mobile_bot/motor_pwm.py to motor_pwm.cpython-38.pyc
[0.701s] running install_data
[0.702s] running install_egg_info
[0.703s] removing '/home/jakub/ros2_ws/install/mobile_bot/lib/python3.8/site-packages/mobile_bot-0.0.0-py3.8.egg-info' (and everything under it)
[0.703s] Copying ../../build/mobile_bot/mobile_bot.egg-info to /home/jakub/ros2_ws/install/mobile_bot/lib/python3.8/site-packages/mobile_bot-0.0.0-py3.8.egg-info
[0.704s] running install_scripts
[0.717s] Installing velocity script to /home/jakub/ros2_ws/install/mobile_bot/lib/mobile_bot
[0.717s] writing list of installed files to '/home/jakub/ros2_ws/build/mobile_bot/install.log'
[0.734s] Invoked command in '/home/jakub/ros2_ws/src/mobile_bot' returned '0': PYTHONPATH=/home/jakub/ros2_ws/build/mobile_bot/prefix_override:/home/jakub/ros2_ws/install/mobile_bot/lib/python3.8/site-packages:${PYTHONPATH} /usr/bin/python3 setup.py egg_info --egg-base ../../build/mobile_bot build --build-base /home/jakub/ros2_ws/build/mobile_bot/build install --record /home/jakub/ros2_ws/build/mobile_bot/install.log --install-scripts $base/lib/mobile_bot --single-version-externally-managed
