[3.531s] Invoking command in '/home/jakub/ros2_ws/src/mobile_bot': PYTHONPATH=/home/jakub/ros2_ws/build/mobile_bot/prefix_override:/home/jakub/ros2_ws/install/mobile_bot/lib/python3.8/site-packages:${PYTHONPATH} /usr/bin/python3 setup.py egg_info --egg-base ../../build/mobile_bot build --build-base /home/jakub/ros2_ws/build/mobile_bot/build install --record /home/jakub/ros2_ws/build/mobile_bot/install.log --install-scripts $base/lib/mobile_bot --single-version-externally-managed
[4.700s] running egg_info
[4.710s] writing ../../build/mobile_bot/mobile_bot.egg-info/PKG-INFO
[4.715s] writing dependency_links to ../../build/mobile_bot/mobile_bot.egg-info/dependency_links.txt
[4.716s] writing entry points to ../../build/mobile_bot/mobile_bot.egg-info/entry_points.txt
[4.718s] writing requirements to ../../build/mobile_bot/mobile_bot.egg-info/requires.txt
[4.719s] writing top-level names to ../../build/mobile_bot/mobile_bot.egg-info/top_level.txt
[4.897s] reading manifest file '../../build/mobile_bot/mobile_bot.egg-info/SOURCES.txt'
[4.900s] writing manifest file '../../build/mobile_bot/mobile_bot.egg-info/SOURCES.txt'
[4.900s] running build
[4.901s] running build_py
[4.901s] running install
[4.910s] running install_lib
[4.921s] running install_data
[4.922s] running install_egg_info
[4.930s] removing '/home/jakub/ros2_ws/install/mobile_bot/lib/python3.8/site-packages/mobile_bot-0.0.0-py3.8.egg-info' (and everything under it)
[4.931s] Copying ../../build/mobile_bot/mobile_bot.egg-info to /home/jakub/ros2_ws/install/mobile_bot/lib/python3.8/site-packages/mobile_bot-0.0.0-py3.8.egg-info
[4.933s] running install_scripts
[5.032s] Installing camera_img script to /home/jakub/ros2_ws/install/mobile_bot/lib/mobile_bot
[5.033s] Installing lidar_scan script to /home/jakub/ros2_ws/install/mobile_bot/lib/mobile_bot
[5.033s] Installing velocity script to /home/jakub/ros2_ws/install/mobile_bot/lib/mobile_bot
[5.037s] writing list of installed files to '/home/jakub/ros2_ws/build/mobile_bot/install.log'
[5.232s] Invoked command in '/home/jakub/ros2_ws/src/mobile_bot' returned '0': PYTHONPATH=/home/jakub/ros2_ws/build/mobile_bot/prefix_override:/home/jakub/ros2_ws/install/mobile_bot/lib/python3.8/site-packages:${PYTHONPATH} /usr/bin/python3 setup.py egg_info --egg-base ../../build/mobile_bot build --build-base /home/jakub/ros2_ws/build/mobile_bot/build install --record /home/jakub/ros2_ws/build/mobile_bot/install.log --install-scripts $base/lib/mobile_bot --single-version-externally-managed
