[0.724s] DEBUG:colcon:Command line arguments: ['/usr/bin/colcon', 'build']
[0.724s] DEBUG:colcon:Parsed command line arguments: Namespace(allow_overriding=[], ament_cmake_args=None, base_paths=['.'], build_base='build', catkin_cmake_args=None, catkin_skip_building_tests=False, cmake_args=None, cmake_clean_cache=False, cmake_clean_first=False, cmake_force_configure=False, cmake_target=None, cmake_target_skip_unavailable=False, continue_on_error=False, event_handlers=None, executor='parallel', ignore_user_meta=False, install_base='install', log_base=None, log_level=None, main=<bound method BuildVerb.main of <colcon_core.verb.build.BuildVerb object at 0x7fa60c267370>>, merge_install=False, metas=['./colcon.meta'], packages_above=None, packages_above_and_dependencies=None, packages_above_depth=None, packages_end=None, packages_ignore=None, packages_ignore_regex=None, packages_select=None, packages_select_build_failed=False, packages_select_by_dep=None, packages_select_regex=None, packages_select_test_failures=False, packages_skip=None, packages_skip_build_finished=False, packages_skip_by_dep=None, packages_skip_regex=None, packages_skip_test_passed=False, packages_skip_up_to=None, packages_start=None, packages_up_to=None, packages_up_to_regex=None, parallel_workers=8, paths=None, symlink_install=False, test_result_base=None, verb_extension=<colcon_core.verb.build.BuildVerb object at 0x7fa60c267370>, verb_name='build', verb_parser=<colcon_defaults.argument_parser.defaults.DefaultArgumentsDecorator object at 0x7fa60c2678b0>)
[0.849s] Level 1:colcon.colcon_core.package_discovery:discover_packages(colcon_meta) check parameters
[0.849s] Level 1:colcon.colcon_core.package_discovery:discover_packages(recursive) check parameters
[0.849s] Level 1:colcon.colcon_core.package_discovery:discover_packages(ignore) check parameters
[0.849s] Level 1:colcon.colcon_core.package_discovery:discover_packages(path) check parameters
[0.849s] Level 1:colcon.colcon_core.package_discovery:discover_packages(colcon_meta) discover
[0.849s] Level 1:colcon.colcon_core.package_discovery:discover_packages(recursive) discover
[0.850s] INFO:colcon.colcon_core.package_discovery:Crawling recursively for packages in '/home/jakub/ros2_ws'
[0.850s] Level 1:colcon.colcon_core.package_identification:_identify(.) by extensions ['ignore', 'ignore_ament_install']
[0.850s] Level 1:colcon.colcon_core.package_identification:_identify(.) by extension 'ignore'
[0.850s] Level 1:colcon.colcon_core.package_identification:_identify(.) by extension 'ignore_ament_install'
[0.850s] Level 1:colcon.colcon_core.package_identification:_identify(.) by extensions ['colcon_pkg']
[0.850s] Level 1:colcon.colcon_core.package_identification:_identify(.) by extension 'colcon_pkg'
[0.850s] Level 1:colcon.colcon_core.package_identification:_identify(.) by extensions ['colcon_meta']
[0.850s] Level 1:colcon.colcon_core.package_identification:_identify(.) by extension 'colcon_meta'
[0.851s] Level 1:colcon.colcon_core.package_identification:_identify(.) by extensions ['ros']
[0.851s] Level 1:colcon.colcon_core.package_identification:_identify(.) by extension 'ros'
[0.899s] Level 1:colcon.colcon_core.package_identification:_identify(.) by extensions ['cmake', 'python']
[0.899s] Level 1:colcon.colcon_core.package_identification:_identify(.) by extension 'cmake'
[0.900s] Level 1:colcon.colcon_core.package_identification:_identify(.) by extension 'python'
[0.901s] Level 1:colcon.colcon_core.package_identification:_identify(.) by extensions ['python_setup_py']
[0.901s] Level 1:colcon.colcon_core.package_identification:_identify(.) by extension 'python_setup_py'
[0.903s] Level 1:colcon.colcon_core.package_identification:_identify(build) by extensions ['ignore', 'ignore_ament_install']
[0.904s] Level 1:colcon.colcon_core.package_identification:_identify(build) by extension 'ignore'
[0.905s] Level 1:colcon.colcon_core.package_identification:_identify(build) ignored
[0.906s] Level 1:colcon.colcon_core.package_identification:_identify(install) by extensions ['ignore', 'ignore_ament_install']
[0.906s] Level 1:colcon.colcon_core.package_identification:_identify(install) by extension 'ignore'
[0.906s] Level 1:colcon.colcon_core.package_identification:_identify(install) ignored
[0.906s] Level 1:colcon.colcon_core.package_identification:_identify(log) by extensions ['ignore', 'ignore_ament_install']
[0.906s] Level 1:colcon.colcon_core.package_identification:_identify(log) by extension 'ignore'
[0.906s] Level 1:colcon.colcon_core.package_identification:_identify(log) ignored
[0.906s] Level 1:colcon.colcon_core.package_identification:_identify(src) by extensions ['ignore', 'ignore_ament_install']
[0.906s] Level 1:colcon.colcon_core.package_identification:_identify(src) by extension 'ignore'
[0.906s] Level 1:colcon.colcon_core.package_identification:_identify(src) by extension 'ignore_ament_install'
[0.907s] Level 1:colcon.colcon_core.package_identification:_identify(src) by extensions ['colcon_pkg']
[0.907s] Level 1:colcon.colcon_core.package_identification:_identify(src) by extension 'colcon_pkg'
[0.907s] Level 1:colcon.colcon_core.package_identification:_identify(src) by extensions ['colcon_meta']
[0.907s] Level 1:colcon.colcon_core.package_identification:_identify(src) by extension 'colcon_meta'
[0.907s] Level 1:colcon.colcon_core.package_identification:_identify(src) by extensions ['ros']
[0.907s] Level 1:colcon.colcon_core.package_identification:_identify(src) by extension 'ros'
[0.907s] Level 1:colcon.colcon_core.package_identification:_identify(src) by extensions ['cmake', 'python']
[0.907s] Level 1:colcon.colcon_core.package_identification:_identify(src) by extension 'cmake'
[0.907s] Level 1:colcon.colcon_core.package_identification:_identify(src) by extension 'python'
[0.907s] Level 1:colcon.colcon_core.package_identification:_identify(src) by extensions ['python_setup_py']
[0.907s] Level 1:colcon.colcon_core.package_identification:_identify(src) by extension 'python_setup_py'
[0.907s] Level 1:colcon.colcon_core.package_identification:_identify(src/mobile_bot) by extensions ['ignore', 'ignore_ament_install']
[0.907s] Level 1:colcon.colcon_core.package_identification:_identify(src/mobile_bot) by extension 'ignore'
[0.908s] Level 1:colcon.colcon_core.package_identification:_identify(src/mobile_bot) by extension 'ignore_ament_install'
[0.908s] Level 1:colcon.colcon_core.package_identification:_identify(src/mobile_bot) by extensions ['colcon_pkg']
[0.908s] Level 1:colcon.colcon_core.package_identification:_identify(src/mobile_bot) by extension 'colcon_pkg'
[0.908s] Level 1:colcon.colcon_core.package_identification:_identify(src/mobile_bot) by extensions ['colcon_meta']
[0.908s] Level 1:colcon.colcon_core.package_identification:_identify(src/mobile_bot) by extension 'colcon_meta'
[0.908s] Level 1:colcon.colcon_core.package_identification:_identify(src/mobile_bot) by extensions ['ros']
[0.908s] Level 1:colcon.colcon_core.package_identification:_identify(src/mobile_bot) by extension 'ros'
[0.914s] DEBUG:colcon.colcon_core.package_identification:Package 'src/mobile_bot' with type 'ros.ament_python' and name 'mobile_bot'
[0.915s] Level 1:colcon.colcon_core.package_discovery:discover_packages(recursive) using defaults
[0.916s] Level 1:colcon.colcon_core.package_discovery:discover_packages(ignore) discover
[0.917s] Level 1:colcon.colcon_core.package_discovery:discover_packages(ignore) using defaults
[0.918s] Level 1:colcon.colcon_core.package_discovery:discover_packages(path) discover
[0.918s] Level 1:colcon.colcon_core.package_discovery:discover_packages(path) using defaults
[1.082s] Level 1:colcon.colcon_core.package_discovery:discover_packages(prefix_path) check parameters
[1.082s] Level 1:colcon.colcon_core.package_discovery:discover_packages(prefix_path) discover
[1.098s] DEBUG:colcon.colcon_installed_package_information.package_discovery:Found 1 installed packages in /home/jakub/ros2_ws/install
[1.107s] DEBUG:colcon.colcon_installed_package_information.package_discovery:Found 265 installed packages in /opt/ros/foxy
[1.113s] Level 1:colcon.colcon_core.package_discovery:discover_packages(prefix_path) using defaults
[1.465s] Level 5:colcon.colcon_core.verb:set package 'mobile_bot' build argument 'cmake_args' from command line to 'None'
[1.466s] Level 5:colcon.colcon_core.verb:set package 'mobile_bot' build argument 'cmake_target' from command line to 'None'
[1.467s] Level 5:colcon.colcon_core.verb:set package 'mobile_bot' build argument 'cmake_target_skip_unavailable' from command line to 'False'
[1.467s] Level 5:colcon.colcon_core.verb:set package 'mobile_bot' build argument 'cmake_clean_cache' from command line to 'False'
[1.467s] Level 5:colcon.colcon_core.verb:set package 'mobile_bot' build argument 'cmake_clean_first' from command line to 'False'
[1.467s] Level 5:colcon.colcon_core.verb:set package 'mobile_bot' build argument 'cmake_force_configure' from command line to 'False'
[1.467s] Level 5:colcon.colcon_core.verb:set package 'mobile_bot' build argument 'ament_cmake_args' from command line to 'None'
[1.467s] Level 5:colcon.colcon_core.verb:set package 'mobile_bot' build argument 'catkin_cmake_args' from command line to 'None'
[1.467s] Level 5:colcon.colcon_core.verb:set package 'mobile_bot' build argument 'catkin_skip_building_tests' from command line to 'False'
[1.468s] DEBUG:colcon.colcon_core.verb:Building package 'mobile_bot' with the following arguments: {'ament_cmake_args': None, 'build_base': '/home/jakub/ros2_ws/build/mobile_bot', 'catkin_cmake_args': None, 'catkin_skip_building_tests': False, 'cmake_args': None, 'cmake_clean_cache': False, 'cmake_clean_first': False, 'cmake_force_configure': False, 'cmake_target': None, 'cmake_target_skip_unavailable': False, 'install_base': '/home/jakub/ros2_ws/install/mobile_bot', 'merge_install': False, 'path': '/home/jakub/ros2_ws/src/mobile_bot', 'symlink_install': False, 'test_result_base': None}
[1.469s] INFO:colcon.colcon_core.executor:Executing jobs using 'parallel' executor
[1.480s] DEBUG:colcon.colcon_parallel_executor.executor.parallel:run_until_complete
[1.483s] INFO:colcon.colcon_ros.task.ament_python.build:Building ROS package in '/home/jakub/ros2_ws/src/mobile_bot' with build type 'ament_python'
[1.485s] Level 1:colcon.colcon_core.shell:create_environment_hook('mobile_bot', 'ament_prefix_path')
[1.510s] INFO:colcon.colcon_core.plugin_system:Skipping extension 'colcon_core.shell.bat': Not used on non-Windows systems
[1.510s] INFO:colcon.colcon_core.shell:Creating environment hook '/home/jakub/ros2_ws/install/mobile_bot/share/mobile_bot/hook/ament_prefix_path.ps1'
[1.512s] INFO:colcon.colcon_core.shell:Creating environment descriptor '/home/jakub/ros2_ws/install/mobile_bot/share/mobile_bot/hook/ament_prefix_path.dsv'
[1.515s] INFO:colcon.colcon_core.shell:Creating environment hook '/home/jakub/ros2_ws/install/mobile_bot/share/mobile_bot/hook/ament_prefix_path.sh'
[1.529s] INFO:colcon.colcon_core.shell:Skip shell extension 'powershell' for command environment: Not usable outside of PowerShell
[1.529s] DEBUG:colcon.colcon_core.shell:Skip shell extension 'dsv' for command environment
[2.653s] INFO:colcon.colcon_core.task.python.build:Building Python package in '/home/jakub/ros2_ws/src/mobile_bot'
[2.658s] INFO:colcon.colcon_core.shell:Skip shell extension 'powershell' for command environment: Not usable outside of PowerShell
[2.659s] DEBUG:colcon.colcon_core.shell:Skip shell extension 'dsv' for command environment
[4.702s] DEBUG:colcon.colcon_core.event_handler.log_command:Invoking command in '/home/jakub/ros2_ws/src/mobile_bot': PYTHONPATH=/home/jakub/ros2_ws/build/mobile_bot/prefix_override:/home/jakub/ros2_ws/install/mobile_bot/lib/python3.8/site-packages:${PYTHONPATH} /usr/bin/python3 setup.py egg_info --egg-base ../../build/mobile_bot build --build-base /home/jakub/ros2_ws/build/mobile_bot/build install --record /home/jakub/ros2_ws/build/mobile_bot/install.log --install-scripts $base/lib/mobile_bot --single-version-externally-managed
[5.992s] DEBUG:colcon.colcon_core.event_handler.log_command:Invoked command in '/home/jakub/ros2_ws/src/mobile_bot' returned '0': PYTHONPATH=/home/jakub/ros2_ws/build/mobile_bot/prefix_override:/home/jakub/ros2_ws/install/mobile_bot/lib/python3.8/site-packages:${PYTHONPATH} /usr/bin/python3 setup.py egg_info --egg-base ../../build/mobile_bot build --build-base /home/jakub/ros2_ws/build/mobile_bot/build install --record /home/jakub/ros2_ws/build/mobile_bot/install.log --install-scripts $base/lib/mobile_bot --single-version-externally-managed
[6.021s] Level 1:colcon.colcon_core.environment:checking '/home/jakub/ros2_ws/install/mobile_bot' for CMake module files
[6.023s] Level 1:colcon.colcon_core.environment:checking '/home/jakub/ros2_ws/install/mobile_bot' for CMake config files
[6.024s] Level 1:colcon.colcon_core.environment:checking '/home/jakub/ros2_ws/install/mobile_bot/lib'
[6.025s] Level 1:colcon.colcon_core.environment:checking '/home/jakub/ros2_ws/install/mobile_bot/bin'
[6.025s] Level 1:colcon.colcon_core.environment:checking '/home/jakub/ros2_ws/install/mobile_bot/lib/pkgconfig/mobile_bot.pc'
[6.026s] Level 1:colcon.colcon_core.environment:checking '/home/jakub/ros2_ws/install/mobile_bot/lib/python3.8/site-packages'
[6.026s] Level 1:colcon.colcon_core.shell:create_environment_hook('mobile_bot', 'pythonpath')
[6.030s] INFO:colcon.colcon_core.shell:Creating environment hook '/home/jakub/ros2_ws/install/mobile_bot/share/mobile_bot/hook/pythonpath.ps1'
[6.030s] INFO:colcon.colcon_core.shell:Creating environment descriptor '/home/jakub/ros2_ws/install/mobile_bot/share/mobile_bot/hook/pythonpath.dsv'
[6.031s] INFO:colcon.colcon_core.shell:Creating environment hook '/home/jakub/ros2_ws/install/mobile_bot/share/mobile_bot/hook/pythonpath.sh'
[6.034s] Level 1:colcon.colcon_core.environment:checking '/home/jakub/ros2_ws/install/mobile_bot/bin'
[6.035s] Level 1:colcon.colcon_core.environment:create_environment_scripts_only(mobile_bot)
[6.043s] INFO:colcon.colcon_core.shell:Creating package script '/home/jakub/ros2_ws/install/mobile_bot/share/mobile_bot/package.ps1'
[6.046s] INFO:colcon.colcon_core.shell:Creating package descriptor '/home/jakub/ros2_ws/install/mobile_bot/share/mobile_bot/package.dsv'
[6.049s] INFO:colcon.colcon_core.shell:Creating package script '/home/jakub/ros2_ws/install/mobile_bot/share/mobile_bot/package.sh'
[6.054s] INFO:colcon.colcon_core.shell:Creating package script '/home/jakub/ros2_ws/install/mobile_bot/share/mobile_bot/package.bash'
[6.059s] INFO:colcon.colcon_core.shell:Creating package script '/home/jakub/ros2_ws/install/mobile_bot/share/mobile_bot/package.zsh'
[6.062s] Level 1:colcon.colcon_core.environment:create_file_with_runtime_dependencies(/home/jakub/ros2_ws/install/mobile_bot/share/colcon-core/packages/mobile_bot)
[6.065s] DEBUG:colcon.colcon_parallel_executor.executor.parallel:closing loop
[6.068s] DEBUG:colcon.colcon_parallel_executor.executor.parallel:loop closed
[6.069s] DEBUG:colcon.colcon_parallel_executor.executor.parallel:run_until_complete finished with '0'
[6.069s] DEBUG:colcon.colcon_core.event_reactor:joining thread
[6.105s] INFO:colcon.colcon_core.plugin_system:Skipping extension 'colcon_notification.desktop_notification.terminal_notifier': Not used on non-Darwin systems
[6.105s] INFO:colcon.colcon_core.plugin_system:Skipping extension 'colcon_notification.desktop_notification.win32': Not used on non-Windows systems
[6.105s] INFO:colcon.colcon_notification.desktop_notification:Sending desktop notification using 'notify2'
[6.178s] DEBUG:colcon.colcon_core.event_reactor:joined thread
[6.181s] INFO:colcon.colcon_core.shell:Creating prefix script '/home/jakub/ros2_ws/install/local_setup.ps1'
[6.184s] INFO:colcon.colcon_core.shell:Creating prefix util module '/home/jakub/ros2_ws/install/_local_setup_util_ps1.py'
[6.191s] INFO:colcon.colcon_core.shell:Creating prefix chain script '/home/jakub/ros2_ws/install/setup.ps1'
[6.199s] INFO:colcon.colcon_core.shell:Creating prefix script '/home/jakub/ros2_ws/install/local_setup.sh'
[6.202s] INFO:colcon.colcon_core.shell:Creating prefix util module '/home/jakub/ros2_ws/install/_local_setup_util_sh.py'
[6.205s] INFO:colcon.colcon_core.shell:Creating prefix chain script '/home/jakub/ros2_ws/install/setup.sh'
[6.211s] INFO:colcon.colcon_core.shell:Creating prefix script '/home/jakub/ros2_ws/install/local_setup.bash'
[6.217s] INFO:colcon.colcon_core.shell:Creating prefix chain script '/home/jakub/ros2_ws/install/setup.bash'
[6.222s] INFO:colcon.colcon_core.shell:Creating prefix script '/home/jakub/ros2_ws/install/local_setup.zsh'
[6.225s] INFO:colcon.colcon_core.shell:Creating prefix chain script '/home/jakub/ros2_ws/install/setup.zsh'
