running egg_info
creating ../../build/mobile_bot/mobile_bot.egg-info
writing ../../build/mobile_bot/mobile_bot.egg-info/PKG-INFO
writing dependency_links to ../../build/mobile_bot/mobile_bot.egg-info/dependency_links.txt
writing entry points to ../../build/mobile_bot/mobile_bot.egg-info/entry_points.txt
writing requirements to ../../build/mobile_bot/mobile_bot.egg-info/requires.txt
writing top-level names to ../../build/mobile_bot/mobile_bot.egg-info/top_level.txt
writing manifest file '../../build/mobile_bot/mobile_bot.egg-info/SOURCES.txt'
reading manifest file '../../build/mobile_bot/mobile_bot.egg-info/SOURCES.txt'
writing manifest file '../../build/mobile_bot/mobile_bot.egg-info/SOURCES.txt'
running build
running build_py
creating /home/jakub/ros2_ws/build/mobile_bot/build
creating /home/jakub/ros2_ws/build/mobile_bot/build/lib
creating /home/jakub/ros2_ws/build/mobile_bot/build/lib/mobile_bot
copying mobile_bot/__init__.py -> /home/jakub/ros2_ws/build/mobile_bot/build/lib/mobile_bot
running install
running install_lib
creating /home/jakub/ros2_ws/install/mobile_bot/lib/python3.8/site-packages/mobile_bot
copying /home/jakub/ros2_ws/build/mobile_bot/build/lib/mobile_bot/__init__.py -> /home/jakub/ros2_ws/install/mobile_bot/lib/python3.8/site-packages/mobile_bot
byte-compiling /home/jakub/ros2_ws/install/mobile_bot/lib/python3.8/site-packages/mobile_bot/__init__.py to __init__.cpython-38.pyc
running install_data
creating /home/jakub/ros2_ws/install/mobile_bot/share/ament_index
creating /home/jakub/ros2_ws/install/mobile_bot/share/ament_index/resource_index
creating /home/jakub/ros2_ws/install/mobile_bot/share/ament_index/resource_index/packages
copying resource/mobile_bot -> /home/jakub/ros2_ws/install/mobile_bot/share/ament_index/resource_index/packages
copying package.xml -> /home/jakub/ros2_ws/install/mobile_bot/share/mobile_bot
running install_egg_info
Copying ../../build/mobile_bot/mobile_bot.egg-info to /home/jakub/ros2_ws/install/mobile_bot/lib/python3.8/site-packages/mobile_bot-0.0.0-py3.8.egg-info
running install_scripts
writing list of installed files to '/home/jakub/ros2_ws/build/mobile_bot/install.log'
