[0.502s] Invoking command in '/home/jakub/ros2_ws/src/mobile_bot': PYTHONPATH=/home/jakub/ros2_ws/build/mobile_bot/prefix_override:/home/jakub/ros2_ws/install/mobile_bot/lib/python3.8/site-packages:${PYTHONPATH} /usr/bin/python3 setup.py egg_info --egg-base ../../build/mobile_bot build --build-base /home/jakub/ros2_ws/build/mobile_bot/build install --record /home/jakub/ros2_ws/build/mobile_bot/install.log --install-scripts $base/lib/mobile_bot --single-version-externally-managed
[0.669s] running egg_info
[0.669s] creating ../../build/mobile_bot/mobile_bot.egg-info
[0.669s] writing ../../build/mobile_bot/mobile_bot.egg-info/PKG-INFO
[0.669s] writing dependency_links to ../../build/mobile_bot/mobile_bot.egg-info/dependency_links.txt
[0.670s] writing entry points to ../../build/mobile_bot/mobile_bot.egg-info/entry_points.txt
[0.670s] writing requirements to ../../build/mobile_bot/mobile_bot.egg-info/requires.txt
[0.670s] writing top-level names to ../../build/mobile_bot/mobile_bot.egg-info/top_level.txt
[0.670s] writing manifest file '../../build/mobile_bot/mobile_bot.egg-info/SOURCES.txt'
[0.696s] reading manifest file '../../build/mobile_bot/mobile_bot.egg-info/SOURCES.txt'
[0.697s] writing manifest file '../../build/mobile_bot/mobile_bot.egg-info/SOURCES.txt'
[0.697s] running build
[0.697s] running build_py
[0.697s] creating /home/jakub/ros2_ws/build/mobile_bot/build
[0.697s] creating /home/jakub/ros2_ws/build/mobile_bot/build/lib
[0.697s] creating /home/jakub/ros2_ws/build/mobile_bot/build/lib/mobile_bot
[0.698s] copying mobile_bot/__init__.py -> /home/jakub/ros2_ws/build/mobile_bot/build/lib/mobile_bot
[0.698s] running install
[0.698s] running install_lib
[0.699s] creating /home/jakub/ros2_ws/install/mobile_bot/lib/python3.8/site-packages/mobile_bot
[0.699s] copying /home/jakub/ros2_ws/build/mobile_bot/build/lib/mobile_bot/__init__.py -> /home/jakub/ros2_ws/install/mobile_bot/lib/python3.8/site-packages/mobile_bot
[0.699s] byte-compiling /home/jakub/ros2_ws/install/mobile_bot/lib/python3.8/site-packages/mobile_bot/__init__.py to __init__.cpython-38.pyc
[0.700s] running install_data
[0.700s] creating /home/jakub/ros2_ws/install/mobile_bot/share/ament_index
[0.701s] creating /home/jakub/ros2_ws/install/mobile_bot/share/ament_index/resource_index
[0.701s] creating /home/jakub/ros2_ws/install/mobile_bot/share/ament_index/resource_index/packages
[0.701s] copying resource/mobile_bot -> /home/jakub/ros2_ws/install/mobile_bot/share/ament_index/resource_index/packages
[0.701s] copying package.xml -> /home/jakub/ros2_ws/install/mobile_bot/share/mobile_bot
[0.701s] running install_egg_info
[0.702s] Copying ../../build/mobile_bot/mobile_bot.egg-info to /home/jakub/ros2_ws/install/mobile_bot/lib/python3.8/site-packages/mobile_bot-0.0.0-py3.8.egg-info
[0.703s] running install_scripts
[0.716s] writing list of installed files to '/home/jakub/ros2_ws/build/mobile_bot/install.log'
[0.732s] Invoked command in '/home/jakub/ros2_ws/src/mobile_bot' returned '0': PYTHONPATH=/home/jakub/ros2_ws/build/mobile_bot/prefix_override:/home/jakub/ros2_ws/install/mobile_bot/lib/python3.8/site-packages:${PYTHONPATH} /usr/bin/python3 setup.py egg_info --egg-base ../../build/mobile_bot build --build-base /home/jakub/ros2_ws/build/mobile_bot/build install --record /home/jakub/ros2_ws/build/mobile_bot/install.log --install-scripts $base/lib/mobile_bot --single-version-externally-managed
