[0.836s] DEBUG:colcon:Command line arguments: ['/usr/bin/colcon', 'build']
[0.836s] DEBUG:colcon:Parsed command line arguments: Namespace(allow_overriding=[], ament_cmake_args=None, base_paths=['.'], build_base='build', catkin_cmake_args=None, catkin_skip_building_tests=False, cmake_args=None, cmake_clean_cache=False, cmake_clean_first=False, cmake_force_configure=False, cmake_target=None, cmake_target_skip_unavailable=False, continue_on_error=False, event_handlers=None, executor='parallel', ignore_user_meta=False, install_base='install', log_base=None, log_level=None, main=<bound method BuildVerb.main of <colcon_core.verb.build.BuildVerb object at 0x7f30d2dcea60>>, merge_install=False, metas=['./colcon.meta'], packages_above=None, packages_above_and_dependencies=None, packages_above_depth=None, packages_end=None, packages_ignore=None, packages_ignore_regex=None, packages_select=None, packages_select_build_failed=False, packages_select_by_dep=None, packages_select_regex=None, packages_select_test_failures=False, packages_skip=None, packages_skip_build_finished=False, packages_skip_by_dep=None, packages_skip_regex=None, packages_skip_test_passed=False, packages_skip_up_to=None, packages_start=None, packages_up_to=None, packages_up_to_regex=None, parallel_workers=8, paths=None, symlink_install=False, test_result_base=None, verb_extension=<colcon_core.verb.build.BuildVerb object at 0x7f30d2dcea60>, verb_name='build', verb_parser=<colcon_defaults.argument_parser.defaults.DefaultArgumentsDecorator object at 0x7f30d2d61040>)
[0.986s] Level 1:colcon.colcon_core.package_discovery:discover_packages(colcon_meta) check parameters
[0.987s] Level 1:colcon.colcon_core.package_discovery:discover_packages(recursive) check parameters
[0.989s] Level 1:colcon.colcon_core.package_discovery:discover_packages(ignore) check parameters
[0.990s] Level 1:colcon.colcon_core.package_discovery:discover_packages(path) check parameters
[0.990s] Level 1:colcon.colcon_core.package_discovery:discover_packages(colcon_meta) discover
[0.991s] Level 1:colcon.colcon_core.package_discovery:discover_packages(recursive) discover
[0.992s] INFO:colcon.colcon_core.package_discovery:Crawling recursively for packages in '/home/jakub/ros2_ws'
[0.993s] Level 1:colcon.colcon_core.package_identification:_identify(.) by extensions ['ignore', 'ignore_ament_install']
[0.994s] Level 1:colcon.colcon_core.package_identification:_identify(.) by extension 'ignore'
[0.994s] Level 1:colcon.colcon_core.package_identification:_identify(.) by extension 'ignore_ament_install'
[0.994s] Level 1:colcon.colcon_core.package_identification:_identify(.) by extensions ['colcon_pkg']
[0.994s] Level 1:colcon.colcon_core.package_identification:_identify(.) by extension 'colcon_pkg'
[0.994s] Level 1:colcon.colcon_core.package_identification:_identify(.) by extensions ['colcon_meta']
[0.994s] Level 1:colcon.colcon_core.package_identification:_identify(.) by extension 'colcon_meta'
[0.994s] Level 1:colcon.colcon_core.package_identification:_identify(.) by extensions ['ros']
[0.994s] Level 1:colcon.colcon_core.package_identification:_identify(.) by extension 'ros'
[1.042s] Level 1:colcon.colcon_core.package_identification:_identify(.) by extensions ['cmake', 'python']
[1.042s] Level 1:colcon.colcon_core.package_identification:_identify(.) by extension 'cmake'
[1.042s] Level 1:colcon.colcon_core.package_identification:_identify(.) by extension 'python'
[1.042s] Level 1:colcon.colcon_core.package_identification:_identify(.) by extensions ['python_setup_py']
[1.042s] Level 1:colcon.colcon_core.package_identification:_identify(.) by extension 'python_setup_py'
[1.043s] Level 1:colcon.colcon_core.package_identification:_identify(build) by extensions ['ignore', 'ignore_ament_install']
[1.043s] Level 1:colcon.colcon_core.package_identification:_identify(build) by extension 'ignore'
[1.043s] Level 1:colcon.colcon_core.package_identification:_identify(build) ignored
[1.044s] Level 1:colcon.colcon_core.package_identification:_identify(install) by extensions ['ignore', 'ignore_ament_install']
[1.044s] Level 1:colcon.colcon_core.package_identification:_identify(install) by extension 'ignore'
[1.044s] Level 1:colcon.colcon_core.package_identification:_identify(install) ignored
[1.044s] Level 1:colcon.colcon_core.package_identification:_identify(log) by extensions ['ignore', 'ignore_ament_install']
[1.044s] Level 1:colcon.colcon_core.package_identification:_identify(log) by extension 'ignore'
[1.045s] Level 1:colcon.colcon_core.package_identification:_identify(log) ignored
[1.045s] Level 1:colcon.colcon_core.package_identification:_identify(src) by extensions ['ignore', 'ignore_ament_install']
[1.045s] Level 1:colcon.colcon_core.package_identification:_identify(src) by extension 'ignore'
[1.045s] Level 1:colcon.colcon_core.package_identification:_identify(src) by extension 'ignore_ament_install'
[1.045s] Level 1:colcon.colcon_core.package_identification:_identify(src) by extensions ['colcon_pkg']
[1.045s] Level 1:colcon.colcon_core.package_identification:_identify(src) by extension 'colcon_pkg'
[1.045s] Level 1:colcon.colcon_core.package_identification:_identify(src) by extensions ['colcon_meta']
[1.045s] Level 1:colcon.colcon_core.package_identification:_identify(src) by extension 'colcon_meta'
[1.045s] Level 1:colcon.colcon_core.package_identification:_identify(src) by extensions ['ros']
[1.045s] Level 1:colcon.colcon_core.package_identification:_identify(src) by extension 'ros'
[1.046s] Level 1:colcon.colcon_core.package_identification:_identify(src) by extensions ['cmake', 'python']
[1.046s] Level 1:colcon.colcon_core.package_identification:_identify(src) by extension 'cmake'
[1.046s] Level 1:colcon.colcon_core.package_identification:_identify(src) by extension 'python'
[1.046s] Level 1:colcon.colcon_core.package_identification:_identify(src) by extensions ['python_setup_py']
[1.046s] Level 1:colcon.colcon_core.package_identification:_identify(src) by extension 'python_setup_py'
[1.046s] Level 1:colcon.colcon_core.package_identification:_identify(src/mobile_bot) by extensions ['ignore', 'ignore_ament_install']
[1.047s] Level 1:colcon.colcon_core.package_identification:_identify(src/mobile_bot) by extension 'ignore'
[1.047s] Level 1:colcon.colcon_core.package_identification:_identify(src/mobile_bot) by extension 'ignore_ament_install'
[1.047s] Level 1:colcon.colcon_core.package_identification:_identify(src/mobile_bot) by extensions ['colcon_pkg']
[1.047s] Level 1:colcon.colcon_core.package_identification:_identify(src/mobile_bot) by extension 'colcon_pkg'
[1.047s] Level 1:colcon.colcon_core.package_identification:_identify(src/mobile_bot) by extensions ['colcon_meta']
[1.047s] Level 1:colcon.colcon_core.package_identification:_identify(src/mobile_bot) by extension 'colcon_meta'
[1.047s] Level 1:colcon.colcon_core.package_identification:_identify(src/mobile_bot) by extensions ['ros']
[1.047s] Level 1:colcon.colcon_core.package_identification:_identify(src/mobile_bot) by extension 'ros'
[1.065s] DEBUG:colcon.colcon_core.package_identification:Package 'src/mobile_bot' with type 'ros.ament_python' and name 'mobile_bot'
[1.065s] Level 1:colcon.colcon_core.package_discovery:discover_packages(recursive) using defaults
[1.065s] Level 1:colcon.colcon_core.package_discovery:discover_packages(ignore) discover
[1.065s] Level 1:colcon.colcon_core.package_discovery:discover_packages(ignore) using defaults
[1.065s] Level 1:colcon.colcon_core.package_discovery:discover_packages(path) discover
[1.065s] Level 1:colcon.colcon_core.package_discovery:discover_packages(path) using defaults
[1.236s] Level 1:colcon.colcon_core.package_discovery:discover_packages(prefix_path) check parameters
[1.237s] Level 1:colcon.colcon_core.package_discovery:discover_packages(prefix_path) discover
[1.253s] DEBUG:colcon.colcon_installed_package_information.package_discovery:Found 1 installed packages in /home/jakub/ros2_ws/install
[1.258s] DEBUG:colcon.colcon_installed_package_information.package_discovery:Found 265 installed packages in /opt/ros/foxy
[1.270s] Level 1:colcon.colcon_core.package_discovery:discover_packages(prefix_path) using defaults
[1.666s] Level 5:colcon.colcon_core.verb:set package 'mobile_bot' build argument 'cmake_args' from command line to 'None'
[1.666s] Level 5:colcon.colcon_core.verb:set package 'mobile_bot' build argument 'cmake_target' from command line to 'None'
[1.667s] Level 5:colcon.colcon_core.verb:set package 'mobile_bot' build argument 'cmake_target_skip_unavailable' from command line to 'False'
[1.667s] Level 5:colcon.colcon_core.verb:set package 'mobile_bot' build argument 'cmake_clean_cache' from command line to 'False'
[1.667s] Level 5:colcon.colcon_core.verb:set package 'mobile_bot' build argument 'cmake_clean_first' from command line to 'False'
[1.667s] Level 5:colcon.colcon_core.verb:set package 'mobile_bot' build argument 'cmake_force_configure' from command line to 'False'
[1.667s] Level 5:colcon.colcon_core.verb:set package 'mobile_bot' build argument 'ament_cmake_args' from command line to 'None'
[1.667s] Level 5:colcon.colcon_core.verb:set package 'mobile_bot' build argument 'catkin_cmake_args' from command line to 'None'
[1.667s] Level 5:colcon.colcon_core.verb:set package 'mobile_bot' build argument 'catkin_skip_building_tests' from command line to 'False'
[1.667s] DEBUG:colcon.colcon_core.verb:Building package 'mobile_bot' with the following arguments: {'ament_cmake_args': None, 'build_base': '/home/jakub/ros2_ws/build/mobile_bot', 'catkin_cmake_args': None, 'catkin_skip_building_tests': False, 'cmake_args': None, 'cmake_clean_cache': False, 'cmake_clean_first': False, 'cmake_force_configure': False, 'cmake_target': None, 'cmake_target_skip_unavailable': False, 'install_base': '/home/jakub/ros2_ws/install/mobile_bot', 'merge_install': False, 'path': '/home/jakub/ros2_ws/src/mobile_bot', 'symlink_install': False, 'test_result_base': None}
[1.669s] INFO:colcon.colcon_core.executor:Executing jobs using 'parallel' executor
[1.688s] DEBUG:colcon.colcon_parallel_executor.executor.parallel:run_until_complete
[1.690s] INFO:colcon.colcon_ros.task.ament_python.build:Building ROS package in '/home/jakub/ros2_ws/src/mobile_bot' with build type 'ament_python'
[1.691s] Level 1:colcon.colcon_core.shell:create_environment_hook('mobile_bot', 'ament_prefix_path')
[1.718s] INFO:colcon.colcon_core.plugin_system:Skipping extension 'colcon_core.shell.bat': Not used on non-Windows systems
[1.719s] INFO:colcon.colcon_core.shell:Creating environment hook '/home/jakub/ros2_ws/install/mobile_bot/share/mobile_bot/hook/ament_prefix_path.ps1'
[1.722s] INFO:colcon.colcon_core.shell:Creating environment descriptor '/home/jakub/ros2_ws/install/mobile_bot/share/mobile_bot/hook/ament_prefix_path.dsv'
[1.723s] INFO:colcon.colcon_core.shell:Creating environment hook '/home/jakub/ros2_ws/install/mobile_bot/share/mobile_bot/hook/ament_prefix_path.sh'
[1.738s] INFO:colcon.colcon_core.shell:Skip shell extension 'powershell' for command environment: Not usable outside of PowerShell
[1.738s] DEBUG:colcon.colcon_core.shell:Skip shell extension 'dsv' for command environment
[2.842s] INFO:colcon.colcon_core.task.python.build:Building Python package in '/home/jakub/ros2_ws/src/mobile_bot'
[2.856s] INFO:colcon.colcon_core.shell:Skip shell extension 'powershell' for command environment: Not usable outside of PowerShell
[2.856s] DEBUG:colcon.colcon_core.shell:Skip shell extension 'dsv' for command environment
[4.794s] DEBUG:colcon.colcon_core.event_handler.log_command:Invoking command in '/home/jakub/ros2_ws/src/mobile_bot': PYTHONPATH=/home/jakub/ros2_ws/build/mobile_bot/prefix_override:/home/jakub/ros2_ws/install/mobile_bot/lib/python3.8/site-packages:${PYTHONPATH} /usr/bin/python3 setup.py egg_info --egg-base ../../build/mobile_bot build --build-base /home/jakub/ros2_ws/build/mobile_bot/build install --record /home/jakub/ros2_ws/build/mobile_bot/install.log --install-scripts $base/lib/mobile_bot --single-version-externally-managed
[6.213s] DEBUG:colcon.colcon_core.event_handler.log_command:Invoked command in '/home/jakub/ros2_ws/src/mobile_bot' returned '0': PYTHONPATH=/home/jakub/ros2_ws/build/mobile_bot/prefix_override:/home/jakub/ros2_ws/install/mobile_bot/lib/python3.8/site-packages:${PYTHONPATH} /usr/bin/python3 setup.py egg_info --egg-base ../../build/mobile_bot build --build-base /home/jakub/ros2_ws/build/mobile_bot/build install --record /home/jakub/ros2_ws/build/mobile_bot/install.log --install-scripts $base/lib/mobile_bot --single-version-externally-managed
[6.249s] Level 1:colcon.colcon_core.environment:checking '/home/jakub/ros2_ws/install/mobile_bot' for CMake module files
[6.250s] Level 1:colcon.colcon_core.environment:checking '/home/jakub/ros2_ws/install/mobile_bot' for CMake config files
[6.253s] Level 1:colcon.colcon_core.environment:checking '/home/jakub/ros2_ws/install/mobile_bot/lib'
[6.254s] Level 1:colcon.colcon_core.environment:checking '/home/jakub/ros2_ws/install/mobile_bot/bin'
[6.255s] Level 1:colcon.colcon_core.environment:checking '/home/jakub/ros2_ws/install/mobile_bot/lib/pkgconfig/mobile_bot.pc'
[6.256s] Level 1:colcon.colcon_core.environment:checking '/home/jakub/ros2_ws/install/mobile_bot/lib/python3.8/site-packages'
[6.256s] Level 1:colcon.colcon_core.shell:create_environment_hook('mobile_bot', 'pythonpath')
[6.266s] INFO:colcon.colcon_core.shell:Creating environment hook '/home/jakub/ros2_ws/install/mobile_bot/share/mobile_bot/hook/pythonpath.ps1'
[6.271s] INFO:colcon.colcon_core.shell:Creating environment descriptor '/home/jakub/ros2_ws/install/mobile_bot/share/mobile_bot/hook/pythonpath.dsv'
[6.271s] INFO:colcon.colcon_core.shell:Creating environment hook '/home/jakub/ros2_ws/install/mobile_bot/share/mobile_bot/hook/pythonpath.sh'
[6.272s] Level 1:colcon.colcon_core.environment:checking '/home/jakub/ros2_ws/install/mobile_bot/bin'
[6.273s] Level 1:colcon.colcon_core.environment:create_environment_scripts_only(mobile_bot)
[6.277s] INFO:colcon.colcon_core.shell:Creating package script '/home/jakub/ros2_ws/install/mobile_bot/share/mobile_bot/package.ps1'
[6.279s] INFO:colcon.colcon_core.shell:Creating package descriptor '/home/jakub/ros2_ws/install/mobile_bot/share/mobile_bot/package.dsv'
[6.285s] INFO:colcon.colcon_core.shell:Creating package script '/home/jakub/ros2_ws/install/mobile_bot/share/mobile_bot/package.sh'
[6.291s] INFO:colcon.colcon_core.shell:Creating package script '/home/jakub/ros2_ws/install/mobile_bot/share/mobile_bot/package.bash'
[6.293s] INFO:colcon.colcon_core.shell:Creating package script '/home/jakub/ros2_ws/install/mobile_bot/share/mobile_bot/package.zsh'
[6.296s] Level 1:colcon.colcon_core.environment:create_file_with_runtime_dependencies(/home/jakub/ros2_ws/install/mobile_bot/share/colcon-core/packages/mobile_bot)
[6.298s] DEBUG:colcon.colcon_parallel_executor.executor.parallel:closing loop
[6.301s] DEBUG:colcon.colcon_parallel_executor.executor.parallel:loop closed
[6.301s] DEBUG:colcon.colcon_parallel_executor.executor.parallel:run_until_complete finished with '0'
[6.301s] DEBUG:colcon.colcon_core.event_reactor:joining thread
[6.332s] INFO:colcon.colcon_core.plugin_system:Skipping extension 'colcon_notification.desktop_notification.terminal_notifier': Not used on non-Darwin systems
[6.334s] INFO:colcon.colcon_core.plugin_system:Skipping extension 'colcon_notification.desktop_notification.win32': Not used on non-Windows systems
[6.335s] INFO:colcon.colcon_notification.desktop_notification:Sending desktop notification using 'notify2'
[6.397s] DEBUG:colcon.colcon_core.event_reactor:joined thread
[6.410s] INFO:colcon.colcon_core.shell:Creating prefix script '/home/jakub/ros2_ws/install/local_setup.ps1'
[6.413s] INFO:colcon.colcon_core.shell:Creating prefix util module '/home/jakub/ros2_ws/install/_local_setup_util_ps1.py'
[6.417s] INFO:colcon.colcon_core.shell:Creating prefix chain script '/home/jakub/ros2_ws/install/setup.ps1'
[6.422s] INFO:colcon.colcon_core.shell:Creating prefix script '/home/jakub/ros2_ws/install/local_setup.sh'
[6.425s] INFO:colcon.colcon_core.shell:Creating prefix util module '/home/jakub/ros2_ws/install/_local_setup_util_sh.py'
[6.427s] INFO:colcon.colcon_core.shell:Creating prefix chain script '/home/jakub/ros2_ws/install/setup.sh'
[6.439s] INFO:colcon.colcon_core.shell:Creating prefix script '/home/jakub/ros2_ws/install/local_setup.bash'
[6.441s] INFO:colcon.colcon_core.shell:Creating prefix chain script '/home/jakub/ros2_ws/install/setup.bash'
[6.446s] INFO:colcon.colcon_core.shell:Creating prefix script '/home/jakub/ros2_ws/install/local_setup.zsh'
[6.449s] INFO:colcon.colcon_core.shell:Creating prefix chain script '/home/jakub/ros2_ws/install/setup.zsh'
